<html>
<head>
<title>TestNG:  keyRecovery</title>
<link href="../testng.css" rel="stylesheet" type="text/css" />
<link href="../my-testng.css" rel="stylesheet" type="text/css" />

<style type="text/css">
.log { display: none;} 
.stack-trace { display: none;} 
</style>
<script type="text/javascript">
<!--
function flip(e) {
  current = e.style.display;
  if (current == 'block') {
    e.style.display = 'none';
    return 0;
  }
  else {
    e.style.display = 'block';
    return 1;
  }
}

function toggleBox(szDivId, elem, msg1, msg2)
{
  var res = -1;  if (document.getElementById) {
    res = flip(document.getElementById(szDivId));
  }
  else if (document.all) {
    // this is the way old msie versions work
    res = flip(document.all[szDivId]);
  }
  if(elem) {
    if(res == 0) elem.innerHTML = msg1; else elem.innerHTML = msg2;
  }

}

function toggleAllBoxes() {
  if (document.getElementsByTagName) {
    d = document.getElementsByTagName('div');
    for (i = 0; i < d.length; i++) {
      if (d[i].className == 'log') {
        flip(d[i]);
      }
    }
  }
}

// -->
</script>

</head>
<body>
<h2 align='center'>keyRecovery</h2><table border='1' align="center">
<tr>
<td>Tests passed/Failed/Skipped:</td><td>17/4/0</td>
</tr><tr>
<td>Started on:</td><td>Tue Apr 09 12:55:08 IST 2019</td>
</tr>
<tr><td>Total time:</td><td>47 seconds (47218 ms)</td>
</tr><tr>
<td>Included groups:</td><td>SMK </td>
</tr><tr>
<td>Excluded groups:</td><td></td>
</tr>
</table><p/>
<small><i>(Hover the method name to see the test class name)</i></small><p/>
<table width='100%' border='1' class='invocation-failed'>
<tr><td colspan='4' align='center'><b>FAILED TESTS</b></td></tr>
<tr><td><b>Test method</b></td>
<td width="30%"><b>Exception</b></td>
<td width="10%"><b>Time (seconds)</b></td>
<td><b>Instance</b></td>
</tr>
<tr>
<td title='Scripts.OfcrKeyRecovery_Script.keyRecovery()'><b>keyRecovery</b><br>Test class: Scripts.OfcrKeyRecovery_Script<br>Parameters: {Order=1, Execute_Flag=Y, Uname=sindhuadmin@gmail.com, Authentic_email=NA, Script_Name=InvalidFile, TC_ID=t5310, Authentic_tPswrd=NA, Expected_Result=Please upload valid .cer or .crt  file, KeystoreNewPw=NA, Pwd=emudhra@1, Actual Result=null}</td>
<td><div><pre>org.openqa.selenium.WebDriverException: invalid argument: File not found : C:\Users\20954\Downloads\csr123.csr
  (Session info: chrome=73.0.3683.86)
  (Driver info: chromedriver=2.44.609538 (b655c5a60b0b544917107a59d4153d4bf78e1b90),platform=Windows NT 10.0.10240 x86_64) (WARNING: The server did not provide any stacktrace information)
Command duration or timeout: 0 milliseconds
Build info: version: &apos;3.14.0&apos;, revision: &apos;aacccce0&apos;, time: &apos;2018-08-02T20:13:22.693Z&apos;
System info: host: &apos;CPU351&apos;, ip: &apos;10.80.106.233&apos;, os.name: &apos;Windows 10&apos;, os.arch: &apos;amd64&apos;, os.version: &apos;10.0&apos;, java.version: &apos;1.8.0_191&apos;
Driver info: org.openqa.selenium.chrome.ChromeDriver
Capabilities {acceptInsecureCerts: false, acceptSslCerts: false, applicationCacheEnabled: false, browserConnectionEnabled: false, browserName: chrome, chrome: {chromedriverVersion: 2.44.609538 (b655c5a60b0b54..., userDataDir: C:\Users\20954\AppData\Loca...}, cssSelectorsEnabled: true, databaseEnabled: false, goog:chromeOptions: {debuggerAddress: localhost:51804}, handlesAlerts: true, hasTouchScreen: false, javascriptEnabled: true, locationContextEnabled: true, mobileEmulationEnabled: false, nativeEvents: true, networkConnectionEnabled: false, pageLoadStrategy: normal, platform: XP, platformName: XP, rotatable: false, setWindowRect: true, takesHeapSnapshot: true, takesScreenshot: true, unexpectedAlertBehaviour: ignore, unhandledPromptBehavior: ignore, version: 73.0.3683.86, webStorageEnabled: true}
Session ID: fe04e9cc1c5287d9ef0efd241298d277
	at org.openqa.selenium.remote.ErrorHandler.createThrowable(ErrorHandler.java:214)
	at org.openqa.selenium.remote.ErrorHandler.throwIfResponseFailed(ErrorHandler.java:166)
	at org.openqa.selenium.remote.http.JsonHttpResponseCodec.reconstructValue(JsonHttpResponseCodec.java:40)
	at org.openqa.selenium.remote.http.AbstractHttpResponseCodec.decode(AbstractHttpResponseCodec.java:80)
	at org.openqa.selenium.remote.http.AbstractHttpResponseCodec.decode(AbstractHttpResponseCodec.java:44)
	at org.openqa.selenium.remote.HttpCommandExecutor.execute(HttpCommandExecutor.java:158)
	at org.openqa.selenium.remote.service.DriverCommandExecutor.execute(DriverCommandExecutor.java:83)
	at org.openqa.selenium.remote.RemoteWebDriver.execute(RemoteWebDriver.java:548)
	at org.openqa.selenium.remote.RemoteWebElement.execute(RemoteWebElement.java:276)
	at org.openqa.selenium.remote.RemoteWebElement.sendKeys(RemoteWebElement.java:100)
	at org.openqa.selenium.support.pagefactory.internal.LocatingElementHandler.invoke(LocatingElementHandler.java:51)
	at com.sun.proxy.$Proxy13.sendKeys(Unknown Source)
	at Page_Factory.pf_genericmethods.cl_entertext(pf_genericmethods.java:19)
	at Page_Factory.pf_OfcrKeyRecoveryPage.InvalidFile(pf_OfcrKeyRecoveryPage.java:103)
	at Scripts.OfcrKeyRecovery_Script.keyRecovery(OfcrKeyRecovery_Script.java:52)
... Removed 33 stack frames</pre></div><a href='#' onClick='toggleBox("stack-trace164439551", this, "Click to show all stack frames", "Click to hide stack frames")'>Click to show all stack frames</a>
<div class='stack-trace' id='stack-trace164439551'><pre>org.openqa.selenium.WebDriverException: invalid argument: File not found : C:\Users\20954\Downloads\csr123.csr
  (Session info: chrome=73.0.3683.86)
  (Driver info: chromedriver=2.44.609538 (b655c5a60b0b544917107a59d4153d4bf78e1b90),platform=Windows NT 10.0.10240 x86_64) (WARNING: The server did not provide any stacktrace information)
Command duration or timeout: 0 milliseconds
Build info: version: &apos;3.14.0&apos;, revision: &apos;aacccce0&apos;, time: &apos;2018-08-02T20:13:22.693Z&apos;
System info: host: &apos;CPU351&apos;, ip: &apos;10.80.106.233&apos;, os.name: &apos;Windows 10&apos;, os.arch: &apos;amd64&apos;, os.version: &apos;10.0&apos;, java.version: &apos;1.8.0_191&apos;
Driver info: org.openqa.selenium.chrome.ChromeDriver
Capabilities {acceptInsecureCerts: false, acceptSslCerts: false, applicationCacheEnabled: false, browserConnectionEnabled: false, browserName: chrome, chrome: {chromedriverVersion: 2.44.609538 (b655c5a60b0b54..., userDataDir: C:\Users\20954\AppData\Loca...}, cssSelectorsEnabled: true, databaseEnabled: false, goog:chromeOptions: {debuggerAddress: localhost:51804}, handlesAlerts: true, hasTouchScreen: false, javascriptEnabled: true, locationContextEnabled: true, mobileEmulationEnabled: false, nativeEvents: true, networkConnectionEnabled: false, pageLoadStrategy: normal, platform: XP, platformName: XP, rotatable: false, setWindowRect: true, takesHeapSnapshot: true, takesScreenshot: true, unexpectedAlertBehaviour: ignore, unhandledPromptBehavior: ignore, version: 73.0.3683.86, webStorageEnabled: true}
Session ID: fe04e9cc1c5287d9ef0efd241298d277
	at sun.reflect.NativeConstructorAccessorImpl.newInstance0(Native Method)
	at sun.reflect.NativeConstructorAccessorImpl.newInstance(Unknown Source)
	at sun.reflect.DelegatingConstructorAccessorImpl.newInstance(Unknown Source)
	at java.lang.reflect.Constructor.newInstance(Unknown Source)
	at org.openqa.selenium.remote.ErrorHandler.createThrowable(ErrorHandler.java:214)
	at org.openqa.selenium.remote.ErrorHandler.throwIfResponseFailed(ErrorHandler.java:166)
	at org.openqa.selenium.remote.http.JsonHttpResponseCodec.reconstructValue(JsonHttpResponseCodec.java:40)
	at org.openqa.selenium.remote.http.AbstractHttpResponseCodec.decode(AbstractHttpResponseCodec.java:80)
	at org.openqa.selenium.remote.http.AbstractHttpResponseCodec.decode(AbstractHttpResponseCodec.java:44)
	at org.openqa.selenium.remote.HttpCommandExecutor.execute(HttpCommandExecutor.java:158)
	at org.openqa.selenium.remote.service.DriverCommandExecutor.execute(DriverCommandExecutor.java:83)
	at org.openqa.selenium.remote.RemoteWebDriver.execute(RemoteWebDriver.java:548)
	at org.openqa.selenium.remote.RemoteWebElement.execute(RemoteWebElement.java:276)
	at org.openqa.selenium.remote.RemoteWebElement.sendKeys(RemoteWebElement.java:100)
	at sun.reflect.NativeMethodAccessorImpl.invoke0(Native Method)
	at sun.reflect.NativeMethodAccessorImpl.invoke(Unknown Source)
	at sun.reflect.DelegatingMethodAccessorImpl.invoke(Unknown Source)
	at java.lang.reflect.Method.invoke(Unknown Source)
	at org.openqa.selenium.support.pagefactory.internal.LocatingElementHandler.invoke(LocatingElementHandler.java:51)
	at com.sun.proxy.$Proxy13.sendKeys(Unknown Source)
	at Page_Factory.pf_genericmethods.cl_entertext(pf_genericmethods.java:19)
	at Page_Factory.pf_OfcrKeyRecoveryPage.InvalidFile(pf_OfcrKeyRecoveryPage.java:103)
	at Scripts.OfcrKeyRecovery_Script.keyRecovery(OfcrKeyRecovery_Script.java:52)
	at sun.reflect.NativeMethodAccessorImpl.invoke0(Native Method)
	at sun.reflect.NativeMethodAccessorImpl.invoke(Unknown Source)
	at sun.reflect.DelegatingMethodAccessorImpl.invoke(Unknown Source)
	at java.lang.reflect.Method.invoke(Unknown Source)
	at org.testng.internal.MethodInvocationHelper.invokeMethod(MethodInvocationHelper.java:124)
	at org.testng.internal.Invoker.invokeMethod(Invoker.java:580)
	at org.testng.internal.Invoker.invokeTestMethod(Invoker.java:716)
	at org.testng.internal.Invoker.invokeTestMethods(Invoker.java:988)
	at org.testng.internal.TestMethodWorker.invokeTestMethods(TestMethodWorker.java:125)
	at org.testng.internal.TestMethodWorker.run(TestMethodWorker.java:109)
	at org.testng.TestRunner.privateRun(TestRunner.java:648)
	at org.testng.TestRunner.run(TestRunner.java:505)
	at org.testng.SuiteRunner.runTest(SuiteRunner.java:455)
	at org.testng.SuiteRunner.runSequentially(SuiteRunner.java:450)
	at org.testng.SuiteRunner.privateRun(SuiteRunner.java:415)
	at org.testng.SuiteRunner.run(SuiteRunner.java:364)
	at org.testng.SuiteRunnerWorker.runSuite(SuiteRunnerWorker.java:52)
	at org.testng.SuiteRunnerWorker.run(SuiteRunnerWorker.java:84)
	at org.testng.TestNG.runSuitesSequentially(TestNG.java:1208)
	at org.testng.TestNG.runSuitesLocally(TestNG.java:1137)
	at org.testng.TestNG.runSuites(TestNG.java:1049)
	at org.testng.TestNG.run(TestNG.java:1017)
	at org.testng.remote.AbstractRemoteTestNG.run(AbstractRemoteTestNG.java:114)
	at org.testng.remote.RemoteTestNG.initAndRun(RemoteTestNG.java:251)
	at org.testng.remote.RemoteTestNG.main(RemoteTestNG.java:77)
</pre></div></td>
<td>0</td>
<td>Scripts.OfcrKeyRecovery_Script@51b279c9</td></tr>
<tr>
<td title='Scripts.OfcrKeyRecovery_Script.keyRecovery()'><b>keyRecovery</b><br>Test class: Scripts.OfcrKeyRecovery_Script<br>Parameters: {Order=1, Execute_Flag=Y, Uname=sindhuadmin@gmail.com, Authentic_email=NA, Script_Name=AuthenticWithtEmailNPw, TC_ID=t5332, Authentic_tPswrd=NA, Expected_Result=Please sign and authenticate, KeystoreNewPw=abc, Pwd=emudhra@1, Actual Result=Please Sign And Authenticate}</td>
<td><div><pre>org.openqa.selenium.WebDriverException: invalid argument: File not found : C:\Users\20954\Downloads\userCert10.cer
  (Session info: chrome=73.0.3683.86)
  (Driver info: chromedriver=2.44.609538 (b655c5a60b0b544917107a59d4153d4bf78e1b90),platform=Windows NT 10.0.10240 x86_64) (WARNING: The server did not provide any stacktrace information)
Command duration or timeout: 0 milliseconds
Build info: version: &apos;3.14.0&apos;, revision: &apos;aacccce0&apos;, time: &apos;2018-08-02T20:13:22.693Z&apos;
System info: host: &apos;CPU351&apos;, ip: &apos;10.80.106.233&apos;, os.name: &apos;Windows 10&apos;, os.arch: &apos;amd64&apos;, os.version: &apos;10.0&apos;, java.version: &apos;1.8.0_191&apos;
Driver info: org.openqa.selenium.chrome.ChromeDriver
Capabilities {acceptInsecureCerts: false, acceptSslCerts: false, applicationCacheEnabled: false, browserConnectionEnabled: false, browserName: chrome, chrome: {chromedriverVersion: 2.44.609538 (b655c5a60b0b54..., userDataDir: C:\Users\20954\AppData\Loca...}, cssSelectorsEnabled: true, databaseEnabled: false, goog:chromeOptions: {debuggerAddress: localhost:51804}, handlesAlerts: true, hasTouchScreen: false, javascriptEnabled: true, locationContextEnabled: true, mobileEmulationEnabled: false, nativeEvents: true, networkConnectionEnabled: false, pageLoadStrategy: normal, platform: XP, platformName: XP, rotatable: false, setWindowRect: true, takesHeapSnapshot: true, takesScreenshot: true, unexpectedAlertBehaviour: ignore, unhandledPromptBehavior: ignore, version: 73.0.3683.86, webStorageEnabled: true}
Session ID: fe04e9cc1c5287d9ef0efd241298d277
	at org.openqa.selenium.remote.ErrorHandler.createThrowable(ErrorHandler.java:214)
	at org.openqa.selenium.remote.ErrorHandler.throwIfResponseFailed(ErrorHandler.java:166)
	at org.openqa.selenium.remote.http.JsonHttpResponseCodec.reconstructValue(JsonHttpResponseCodec.java:40)
	at org.openqa.selenium.remote.http.AbstractHttpResponseCodec.decode(AbstractHttpResponseCodec.java:80)
	at org.openqa.selenium.remote.http.AbstractHttpResponseCodec.decode(AbstractHttpResponseCodec.java:44)
	at org.openqa.selenium.remote.HttpCommandExecutor.execute(HttpCommandExecutor.java:158)
	at org.openqa.selenium.remote.service.DriverCommandExecutor.execute(DriverCommandExecutor.java:83)
	at org.openqa.selenium.remote.RemoteWebDriver.execute(RemoteWebDriver.java:548)
	at org.openqa.selenium.remote.RemoteWebElement.execute(RemoteWebElement.java:276)
	at org.openqa.selenium.remote.RemoteWebElement.sendKeys(RemoteWebElement.java:100)
	at org.openqa.selenium.support.pagefactory.internal.LocatingElementHandler.invoke(LocatingElementHandler.java:51)
	at com.sun.proxy.$Proxy13.sendKeys(Unknown Source)
	at Page_Factory.pf_genericmethods.cl_entertext(pf_genericmethods.java:19)
	at Page_Factory.pf_OfcrKeyRecoveryPage.AuthenticWithtEmailNPw(pf_OfcrKeyRecoveryPage.java:133)
	at Scripts.OfcrKeyRecovery_Script.keyRecovery(OfcrKeyRecovery_Script.java:64)
... Removed 33 stack frames</pre></div><a href='#' onClick='toggleBox("stack-trace1314228008", this, "Click to show all stack frames", "Click to hide stack frames")'>Click to show all stack frames</a>
<div class='stack-trace' id='stack-trace1314228008'><pre>org.openqa.selenium.WebDriverException: invalid argument: File not found : C:\Users\20954\Downloads\userCert10.cer
  (Session info: chrome=73.0.3683.86)
  (Driver info: chromedriver=2.44.609538 (b655c5a60b0b544917107a59d4153d4bf78e1b90),platform=Windows NT 10.0.10240 x86_64) (WARNING: The server did not provide any stacktrace information)
Command duration or timeout: 0 milliseconds
Build info: version: &apos;3.14.0&apos;, revision: &apos;aacccce0&apos;, time: &apos;2018-08-02T20:13:22.693Z&apos;
System info: host: &apos;CPU351&apos;, ip: &apos;10.80.106.233&apos;, os.name: &apos;Windows 10&apos;, os.arch: &apos;amd64&apos;, os.version: &apos;10.0&apos;, java.version: &apos;1.8.0_191&apos;
Driver info: org.openqa.selenium.chrome.ChromeDriver
Capabilities {acceptInsecureCerts: false, acceptSslCerts: false, applicationCacheEnabled: false, browserConnectionEnabled: false, browserName: chrome, chrome: {chromedriverVersion: 2.44.609538 (b655c5a60b0b54..., userDataDir: C:\Users\20954\AppData\Loca...}, cssSelectorsEnabled: true, databaseEnabled: false, goog:chromeOptions: {debuggerAddress: localhost:51804}, handlesAlerts: true, hasTouchScreen: false, javascriptEnabled: true, locationContextEnabled: true, mobileEmulationEnabled: false, nativeEvents: true, networkConnectionEnabled: false, pageLoadStrategy: normal, platform: XP, platformName: XP, rotatable: false, setWindowRect: true, takesHeapSnapshot: true, takesScreenshot: true, unexpectedAlertBehaviour: ignore, unhandledPromptBehavior: ignore, version: 73.0.3683.86, webStorageEnabled: true}
Session ID: fe04e9cc1c5287d9ef0efd241298d277
	at sun.reflect.NativeConstructorAccessorImpl.newInstance0(Native Method)
	at sun.reflect.NativeConstructorAccessorImpl.newInstance(Unknown Source)
	at sun.reflect.DelegatingConstructorAccessorImpl.newInstance(Unknown Source)
	at java.lang.reflect.Constructor.newInstance(Unknown Source)
	at org.openqa.selenium.remote.ErrorHandler.createThrowable(ErrorHandler.java:214)
	at org.openqa.selenium.remote.ErrorHandler.throwIfResponseFailed(ErrorHandler.java:166)
	at org.openqa.selenium.remote.http.JsonHttpResponseCodec.reconstructValue(JsonHttpResponseCodec.java:40)
	at org.openqa.selenium.remote.http.AbstractHttpResponseCodec.decode(AbstractHttpResponseCodec.java:80)
	at org.openqa.selenium.remote.http.AbstractHttpResponseCodec.decode(AbstractHttpResponseCodec.java:44)
	at org.openqa.selenium.remote.HttpCommandExecutor.execute(HttpCommandExecutor.java:158)
	at org.openqa.selenium.remote.service.DriverCommandExecutor.execute(DriverCommandExecutor.java:83)
	at org.openqa.selenium.remote.RemoteWebDriver.execute(RemoteWebDriver.java:548)
	at org.openqa.selenium.remote.RemoteWebElement.execute(RemoteWebElement.java:276)
	at org.openqa.selenium.remote.RemoteWebElement.sendKeys(RemoteWebElement.java:100)
	at sun.reflect.NativeMethodAccessorImpl.invoke0(Native Method)
	at sun.reflect.NativeMethodAccessorImpl.invoke(Unknown Source)
	at sun.reflect.DelegatingMethodAccessorImpl.invoke(Unknown Source)
	at java.lang.reflect.Method.invoke(Unknown Source)
	at org.openqa.selenium.support.pagefactory.internal.LocatingElementHandler.invoke(LocatingElementHandler.java:51)
	at com.sun.proxy.$Proxy13.sendKeys(Unknown Source)
	at Page_Factory.pf_genericmethods.cl_entertext(pf_genericmethods.java:19)
	at Page_Factory.pf_OfcrKeyRecoveryPage.AuthenticWithtEmailNPw(pf_OfcrKeyRecoveryPage.java:133)
	at Scripts.OfcrKeyRecovery_Script.keyRecovery(OfcrKeyRecovery_Script.java:64)
	at sun.reflect.NativeMethodAccessorImpl.invoke0(Native Method)
	at sun.reflect.NativeMethodAccessorImpl.invoke(Unknown Source)
	at sun.reflect.DelegatingMethodAccessorImpl.invoke(Unknown Source)
	at java.lang.reflect.Method.invoke(Unknown Source)
	at org.testng.internal.MethodInvocationHelper.invokeMethod(MethodInvocationHelper.java:124)
	at org.testng.internal.Invoker.invokeMethod(Invoker.java:580)
	at org.testng.internal.Invoker.invokeTestMethod(Invoker.java:716)
	at org.testng.internal.Invoker.invokeTestMethods(Invoker.java:988)
	at org.testng.internal.TestMethodWorker.invokeTestMethods(TestMethodWorker.java:125)
	at org.testng.internal.TestMethodWorker.run(TestMethodWorker.java:109)
	at org.testng.TestRunner.privateRun(TestRunner.java:648)
	at org.testng.TestRunner.run(TestRunner.java:505)
	at org.testng.SuiteRunner.runTest(SuiteRunner.java:455)
	at org.testng.SuiteRunner.runSequentially(SuiteRunner.java:450)
	at org.testng.SuiteRunner.privateRun(SuiteRunner.java:415)
	at org.testng.SuiteRunner.run(SuiteRunner.java:364)
	at org.testng.SuiteRunnerWorker.runSuite(SuiteRunnerWorker.java:52)
	at org.testng.SuiteRunnerWorker.run(SuiteRunnerWorker.java:84)
	at org.testng.TestNG.runSuitesSequentially(TestNG.java:1208)
	at org.testng.TestNG.runSuitesLocally(TestNG.java:1137)
	at org.testng.TestNG.runSuites(TestNG.java:1049)
	at org.testng.TestNG.run(TestNG.java:1017)
	at org.testng.remote.AbstractRemoteTestNG.run(AbstractRemoteTestNG.java:114)
	at org.testng.remote.RemoteTestNG.initAndRun(RemoteTestNG.java:251)
	at org.testng.remote.RemoteTestNG.main(RemoteTestNG.java:77)
</pre></div></td>
<td>0</td>
<td>Scripts.OfcrKeyRecovery_Script@51b279c9</td></tr>
<tr>
<td title='Scripts.OfcrKeyRecovery_Script.keyRecovery()'><b>keyRecovery</b><br>Test class: Scripts.OfcrKeyRecovery_Script<br>Parameters: {Order=1, Execute_Flag=Y, Uname=sindhuadmin@gmail.com, Authentic_email=NA, Script_Name=RecvryBtnWithoutAuthentic, TC_ID=t5365, Authentic_tPswrd=NA, Expected_Result=!!!!! Please Sign & Authenticate !!!!!, KeystoreNewPw=abc, Pwd=emudhra@1, Actual Result=!!!!! Please Sign & Authenticate !!!!!}</td>
<td><div><pre>org.openqa.selenium.ElementNotVisibleException: element not interactable
  (Session info: chrome=73.0.3683.86)
  (Driver info: chromedriver=2.44.609538 (b655c5a60b0b544917107a59d4153d4bf78e1b90),platform=Windows NT 10.0.10240 x86_64) (WARNING: The server did not provide any stacktrace information)
Command duration or timeout: 0 milliseconds
Build info: version: &apos;3.14.0&apos;, revision: &apos;aacccce0&apos;, time: &apos;2018-08-02T20:13:22.693Z&apos;
System info: host: &apos;CPU351&apos;, ip: &apos;10.80.106.233&apos;, os.name: &apos;Windows 10&apos;, os.arch: &apos;amd64&apos;, os.version: &apos;10.0&apos;, java.version: &apos;1.8.0_191&apos;
Driver info: org.openqa.selenium.chrome.ChromeDriver
Capabilities {acceptInsecureCerts: false, acceptSslCerts: false, applicationCacheEnabled: false, browserConnectionEnabled: false, browserName: chrome, chrome: {chromedriverVersion: 2.44.609538 (b655c5a60b0b54..., userDataDir: C:\Users\20954\AppData\Loca...}, cssSelectorsEnabled: true, databaseEnabled: false, goog:chromeOptions: {debuggerAddress: localhost:51804}, handlesAlerts: true, hasTouchScreen: false, javascriptEnabled: true, locationContextEnabled: true, mobileEmulationEnabled: false, nativeEvents: true, networkConnectionEnabled: false, pageLoadStrategy: normal, platform: XP, platformName: XP, rotatable: false, setWindowRect: true, takesHeapSnapshot: true, takesScreenshot: true, unexpectedAlertBehaviour: ignore, unhandledPromptBehavior: ignore, version: 73.0.3683.86, webStorageEnabled: true}
Session ID: fe04e9cc1c5287d9ef0efd241298d277
	at org.openqa.selenium.remote.ErrorHandler.createThrowable(ErrorHandler.java:214)
	at org.openqa.selenium.remote.ErrorHandler.throwIfResponseFailed(ErrorHandler.java:166)
	at org.openqa.selenium.remote.http.JsonHttpResponseCodec.reconstructValue(JsonHttpResponseCodec.java:40)
	at org.openqa.selenium.remote.http.AbstractHttpResponseCodec.decode(AbstractHttpResponseCodec.java:80)
	at org.openqa.selenium.remote.http.AbstractHttpResponseCodec.decode(AbstractHttpResponseCodec.java:44)
	at org.openqa.selenium.remote.HttpCommandExecutor.execute(HttpCommandExecutor.java:158)
	at org.openqa.selenium.remote.service.DriverCommandExecutor.execute(DriverCommandExecutor.java:83)
	at org.openqa.selenium.remote.RemoteWebDriver.execute(RemoteWebDriver.java:548)
	at org.openqa.selenium.remote.RemoteWebElement.execute(RemoteWebElement.java:276)
	at org.openqa.selenium.remote.RemoteWebElement.click(RemoteWebElement.java:83)
	at org.openqa.selenium.support.pagefactory.internal.LocatingElementHandler.invoke(LocatingElementHandler.java:51)
	at com.sun.proxy.$Proxy13.click(Unknown Source)
	at Page_Factory.pf_genericmethods.cl_click(pf_genericmethods.java:26)
	at Page_Factory.pf_OfcrKeyRecoveryPage.RecvryBtnWithoutAuthentic(pf_OfcrKeyRecoveryPage.java:146)
	at Scripts.OfcrKeyRecovery_Script.keyRecovery(OfcrKeyRecovery_Script.java:68)
... Removed 33 stack frames</pre></div><a href='#' onClick='toggleBox("stack-trace1777043124", this, "Click to show all stack frames", "Click to hide stack frames")'>Click to show all stack frames</a>
<div class='stack-trace' id='stack-trace1777043124'><pre>org.openqa.selenium.ElementNotVisibleException: element not interactable
  (Session info: chrome=73.0.3683.86)
  (Driver info: chromedriver=2.44.609538 (b655c5a60b0b544917107a59d4153d4bf78e1b90),platform=Windows NT 10.0.10240 x86_64) (WARNING: The server did not provide any stacktrace information)
Command duration or timeout: 0 milliseconds
Build info: version: &apos;3.14.0&apos;, revision: &apos;aacccce0&apos;, time: &apos;2018-08-02T20:13:22.693Z&apos;
System info: host: &apos;CPU351&apos;, ip: &apos;10.80.106.233&apos;, os.name: &apos;Windows 10&apos;, os.arch: &apos;amd64&apos;, os.version: &apos;10.0&apos;, java.version: &apos;1.8.0_191&apos;
Driver info: org.openqa.selenium.chrome.ChromeDriver
Capabilities {acceptInsecureCerts: false, acceptSslCerts: false, applicationCacheEnabled: false, browserConnectionEnabled: false, browserName: chrome, chrome: {chromedriverVersion: 2.44.609538 (b655c5a60b0b54..., userDataDir: C:\Users\20954\AppData\Loca...}, cssSelectorsEnabled: true, databaseEnabled: false, goog:chromeOptions: {debuggerAddress: localhost:51804}, handlesAlerts: true, hasTouchScreen: false, javascriptEnabled: true, locationContextEnabled: true, mobileEmulationEnabled: false, nativeEvents: true, networkConnectionEnabled: false, pageLoadStrategy: normal, platform: XP, platformName: XP, rotatable: false, setWindowRect: true, takesHeapSnapshot: true, takesScreenshot: true, unexpectedAlertBehaviour: ignore, unhandledPromptBehavior: ignore, version: 73.0.3683.86, webStorageEnabled: true}
Session ID: fe04e9cc1c5287d9ef0efd241298d277
	at sun.reflect.NativeConstructorAccessorImpl.newInstance0(Native Method)
	at sun.reflect.NativeConstructorAccessorImpl.newInstance(Unknown Source)
	at sun.reflect.DelegatingConstructorAccessorImpl.newInstance(Unknown Source)
	at java.lang.reflect.Constructor.newInstance(Unknown Source)
	at org.openqa.selenium.remote.ErrorHandler.createThrowable(ErrorHandler.java:214)
	at org.openqa.selenium.remote.ErrorHandler.throwIfResponseFailed(ErrorHandler.java:166)
	at org.openqa.selenium.remote.http.JsonHttpResponseCodec.reconstructValue(JsonHttpResponseCodec.java:40)
	at org.openqa.selenium.remote.http.AbstractHttpResponseCodec.decode(AbstractHttpResponseCodec.java:80)
	at org.openqa.selenium.remote.http.AbstractHttpResponseCodec.decode(AbstractHttpResponseCodec.java:44)
	at org.openqa.selenium.remote.HttpCommandExecutor.execute(HttpCommandExecutor.java:158)
	at org.openqa.selenium.remote.service.DriverCommandExecutor.execute(DriverCommandExecutor.java:83)
	at org.openqa.selenium.remote.RemoteWebDriver.execute(RemoteWebDriver.java:548)
	at org.openqa.selenium.remote.RemoteWebElement.execute(RemoteWebElement.java:276)
	at org.openqa.selenium.remote.RemoteWebElement.click(RemoteWebElement.java:83)
	at sun.reflect.NativeMethodAccessorImpl.invoke0(Native Method)
	at sun.reflect.NativeMethodAccessorImpl.invoke(Unknown Source)
	at sun.reflect.DelegatingMethodAccessorImpl.invoke(Unknown Source)
	at java.lang.reflect.Method.invoke(Unknown Source)
	at org.openqa.selenium.support.pagefactory.internal.LocatingElementHandler.invoke(LocatingElementHandler.java:51)
	at com.sun.proxy.$Proxy13.click(Unknown Source)
	at Page_Factory.pf_genericmethods.cl_click(pf_genericmethods.java:26)
	at Page_Factory.pf_OfcrKeyRecoveryPage.RecvryBtnWithoutAuthentic(pf_OfcrKeyRecoveryPage.java:146)
	at Scripts.OfcrKeyRecovery_Script.keyRecovery(OfcrKeyRecovery_Script.java:68)
	at sun.reflect.NativeMethodAccessorImpl.invoke0(Native Method)
	at sun.reflect.NativeMethodAccessorImpl.invoke(Unknown Source)
	at sun.reflect.DelegatingMethodAccessorImpl.invoke(Unknown Source)
	at java.lang.reflect.Method.invoke(Unknown Source)
	at org.testng.internal.MethodInvocationHelper.invokeMethod(MethodInvocationHelper.java:124)
	at org.testng.internal.Invoker.invokeMethod(Invoker.java:580)
	at org.testng.internal.Invoker.invokeTestMethod(Invoker.java:716)
	at org.testng.internal.Invoker.invokeTestMethods(Invoker.java:988)
	at org.testng.internal.TestMethodWorker.invokeTestMethods(TestMethodWorker.java:125)
	at org.testng.internal.TestMethodWorker.run(TestMethodWorker.java:109)
	at org.testng.TestRunner.privateRun(TestRunner.java:648)
	at org.testng.TestRunner.run(TestRunner.java:505)
	at org.testng.SuiteRunner.runTest(SuiteRunner.java:455)
	at org.testng.SuiteRunner.runSequentially(SuiteRunner.java:450)
	at org.testng.SuiteRunner.privateRun(SuiteRunner.java:415)
	at org.testng.SuiteRunner.run(SuiteRunner.java:364)
	at org.testng.SuiteRunnerWorker.runSuite(SuiteRunnerWorker.java:52)
	at org.testng.SuiteRunnerWorker.run(SuiteRunnerWorker.java:84)
	at org.testng.TestNG.runSuitesSequentially(TestNG.java:1208)
	at org.testng.TestNG.runSuitesLocally(TestNG.java:1137)
	at org.testng.TestNG.runSuites(TestNG.java:1049)
	at org.testng.TestNG.run(TestNG.java:1017)
	at org.testng.remote.AbstractRemoteTestNG.run(AbstractRemoteTestNG.java:114)
	at org.testng.remote.RemoteTestNG.initAndRun(RemoteTestNG.java:251)
	at org.testng.remote.RemoteTestNG.main(RemoteTestNG.java:77)
</pre></div></td>
<td>12</td>
<td>Scripts.OfcrKeyRecovery_Script@51b279c9</td></tr>
<tr>
<td title='Scripts.OfcrKeyRecovery_Script.keyRecovery()'><b>keyRecovery</b><br>Test class: Scripts.OfcrKeyRecovery_Script<br>Parameters: {Order=1, Execute_Flag=Y, Uname=sindhuadmin@gmail.com, Authentic_email=sindhuofficer1@gmail.com, Script_Name=uploadCerFile, TC_ID=t3, Authentic_tPswrd=emudhra@2, Expected_Result=NA, KeystoreNewPw=abc, Pwd=emudhra@1, Actual Result=null}</td>
<td><div><pre>org.openqa.selenium.WebDriverException: invalid argument: File not found : C:\Users\20954\Downloads\userCert10.cer
  (Session info: chrome=73.0.3683.86)
  (Driver info: chromedriver=2.44.609538 (b655c5a60b0b544917107a59d4153d4bf78e1b90),platform=Windows NT 10.0.10240 x86_64) (WARNING: The server did not provide any stacktrace information)
Command duration or timeout: 0 milliseconds
Build info: version: &apos;3.14.0&apos;, revision: &apos;aacccce0&apos;, time: &apos;2018-08-02T20:13:22.693Z&apos;
System info: host: &apos;CPU351&apos;, ip: &apos;10.80.106.233&apos;, os.name: &apos;Windows 10&apos;, os.arch: &apos;amd64&apos;, os.version: &apos;10.0&apos;, java.version: &apos;1.8.0_191&apos;
Driver info: org.openqa.selenium.chrome.ChromeDriver
Capabilities {acceptInsecureCerts: false, acceptSslCerts: false, applicationCacheEnabled: false, browserConnectionEnabled: false, browserName: chrome, chrome: {chromedriverVersion: 2.44.609538 (b655c5a60b0b54..., userDataDir: C:\Users\20954\AppData\Loca...}, cssSelectorsEnabled: true, databaseEnabled: false, goog:chromeOptions: {debuggerAddress: localhost:51804}, handlesAlerts: true, hasTouchScreen: false, javascriptEnabled: true, locationContextEnabled: true, mobileEmulationEnabled: false, nativeEvents: true, networkConnectionEnabled: false, pageLoadStrategy: normal, platform: XP, platformName: XP, rotatable: false, setWindowRect: true, takesHeapSnapshot: true, takesScreenshot: true, unexpectedAlertBehaviour: ignore, unhandledPromptBehavior: ignore, version: 73.0.3683.86, webStorageEnabled: true}
Session ID: fe04e9cc1c5287d9ef0efd241298d277
	at org.openqa.selenium.remote.ErrorHandler.createThrowable(ErrorHandler.java:214)
	at org.openqa.selenium.remote.ErrorHandler.throwIfResponseFailed(ErrorHandler.java:166)
	at org.openqa.selenium.remote.http.JsonHttpResponseCodec.reconstructValue(JsonHttpResponseCodec.java:40)
	at org.openqa.selenium.remote.http.AbstractHttpResponseCodec.decode(AbstractHttpResponseCodec.java:80)
	at org.openqa.selenium.remote.http.AbstractHttpResponseCodec.decode(AbstractHttpResponseCodec.java:44)
	at org.openqa.selenium.remote.HttpCommandExecutor.execute(HttpCommandExecutor.java:158)
	at org.openqa.selenium.remote.service.DriverCommandExecutor.execute(DriverCommandExecutor.java:83)
	at org.openqa.selenium.remote.RemoteWebDriver.execute(RemoteWebDriver.java:548)
	at org.openqa.selenium.remote.RemoteWebElement.execute(RemoteWebElement.java:276)
	at org.openqa.selenium.remote.RemoteWebElement.sendKeys(RemoteWebElement.java:100)
	at org.openqa.selenium.support.pagefactory.internal.LocatingElementHandler.invoke(LocatingElementHandler.java:51)
	at com.sun.proxy.$Proxy13.sendKeys(Unknown Source)
	at Page_Factory.pf_genericmethods.cl_entertext(pf_genericmethods.java:19)
	at Page_Factory.pf_OfcrKeyRecoveryPage.uploadCerFile(pf_OfcrKeyRecoveryPage.java:160)
	at Scripts.OfcrKeyRecovery_Script.keyRecovery(OfcrKeyRecovery_Script.java:73)
... Removed 33 stack frames</pre></div><a href='#' onClick='toggleBox("stack-trace1320869181", this, "Click to show all stack frames", "Click to hide stack frames")'>Click to show all stack frames</a>
<div class='stack-trace' id='stack-trace1320869181'><pre>org.openqa.selenium.WebDriverException: invalid argument: File not found : C:\Users\20954\Downloads\userCert10.cer
  (Session info: chrome=73.0.3683.86)
  (Driver info: chromedriver=2.44.609538 (b655c5a60b0b544917107a59d4153d4bf78e1b90),platform=Windows NT 10.0.10240 x86_64) (WARNING: The server did not provide any stacktrace information)
Command duration or timeout: 0 milliseconds
Build info: version: &apos;3.14.0&apos;, revision: &apos;aacccce0&apos;, time: &apos;2018-08-02T20:13:22.693Z&apos;
System info: host: &apos;CPU351&apos;, ip: &apos;10.80.106.233&apos;, os.name: &apos;Windows 10&apos;, os.arch: &apos;amd64&apos;, os.version: &apos;10.0&apos;, java.version: &apos;1.8.0_191&apos;
Driver info: org.openqa.selenium.chrome.ChromeDriver
Capabilities {acceptInsecureCerts: false, acceptSslCerts: false, applicationCacheEnabled: false, browserConnectionEnabled: false, browserName: chrome, chrome: {chromedriverVersion: 2.44.609538 (b655c5a60b0b54..., userDataDir: C:\Users\20954\AppData\Loca...}, cssSelectorsEnabled: true, databaseEnabled: false, goog:chromeOptions: {debuggerAddress: localhost:51804}, handlesAlerts: true, hasTouchScreen: false, javascriptEnabled: true, locationContextEnabled: true, mobileEmulationEnabled: false, nativeEvents: true, networkConnectionEnabled: false, pageLoadStrategy: normal, platform: XP, platformName: XP, rotatable: false, setWindowRect: true, takesHeapSnapshot: true, takesScreenshot: true, unexpectedAlertBehaviour: ignore, unhandledPromptBehavior: ignore, version: 73.0.3683.86, webStorageEnabled: true}
Session ID: fe04e9cc1c5287d9ef0efd241298d277
	at sun.reflect.NativeConstructorAccessorImpl.newInstance0(Native Method)
	at sun.reflect.NativeConstructorAccessorImpl.newInstance(Unknown Source)
	at sun.reflect.DelegatingConstructorAccessorImpl.newInstance(Unknown Source)
	at java.lang.reflect.Constructor.newInstance(Unknown Source)
	at org.openqa.selenium.remote.ErrorHandler.createThrowable(ErrorHandler.java:214)
	at org.openqa.selenium.remote.ErrorHandler.throwIfResponseFailed(ErrorHandler.java:166)
	at org.openqa.selenium.remote.http.JsonHttpResponseCodec.reconstructValue(JsonHttpResponseCodec.java:40)
	at org.openqa.selenium.remote.http.AbstractHttpResponseCodec.decode(AbstractHttpResponseCodec.java:80)
	at org.openqa.selenium.remote.http.AbstractHttpResponseCodec.decode(AbstractHttpResponseCodec.java:44)
	at org.openqa.selenium.remote.HttpCommandExecutor.execute(HttpCommandExecutor.java:158)
	at org.openqa.selenium.remote.service.DriverCommandExecutor.execute(DriverCommandExecutor.java:83)
	at org.openqa.selenium.remote.RemoteWebDriver.execute(RemoteWebDriver.java:548)
	at org.openqa.selenium.remote.RemoteWebElement.execute(RemoteWebElement.java:276)
	at org.openqa.selenium.remote.RemoteWebElement.sendKeys(RemoteWebElement.java:100)
	at sun.reflect.NativeMethodAccessorImpl.invoke0(Native Method)
	at sun.reflect.NativeMethodAccessorImpl.invoke(Unknown Source)
	at sun.reflect.DelegatingMethodAccessorImpl.invoke(Unknown Source)
	at java.lang.reflect.Method.invoke(Unknown Source)
	at org.openqa.selenium.support.pagefactory.internal.LocatingElementHandler.invoke(LocatingElementHandler.java:51)
	at com.sun.proxy.$Proxy13.sendKeys(Unknown Source)
	at Page_Factory.pf_genericmethods.cl_entertext(pf_genericmethods.java:19)
	at Page_Factory.pf_OfcrKeyRecoveryPage.uploadCerFile(pf_OfcrKeyRecoveryPage.java:160)
	at Scripts.OfcrKeyRecovery_Script.keyRecovery(OfcrKeyRecovery_Script.java:73)
	at sun.reflect.NativeMethodAccessorImpl.invoke0(Native Method)
	at sun.reflect.NativeMethodAccessorImpl.invoke(Unknown Source)
	at sun.reflect.DelegatingMethodAccessorImpl.invoke(Unknown Source)
	at java.lang.reflect.Method.invoke(Unknown Source)
	at org.testng.internal.MethodInvocationHelper.invokeMethod(MethodInvocationHelper.java:124)
	at org.testng.internal.Invoker.invokeMethod(Invoker.java:580)
	at org.testng.internal.Invoker.invokeTestMethod(Invoker.java:716)
	at org.testng.internal.Invoker.invokeTestMethods(Invoker.java:988)
	at org.testng.internal.TestMethodWorker.invokeTestMethods(TestMethodWorker.java:125)
	at org.testng.internal.TestMethodWorker.run(TestMethodWorker.java:109)
	at org.testng.TestRunner.privateRun(TestRunner.java:648)
	at org.testng.TestRunner.run(TestRunner.java:505)
	at org.testng.SuiteRunner.runTest(SuiteRunner.java:455)
	at org.testng.SuiteRunner.runSequentially(SuiteRunner.java:450)
	at org.testng.SuiteRunner.privateRun(SuiteRunner.java:415)
	at org.testng.SuiteRunner.run(SuiteRunner.java:364)
	at org.testng.SuiteRunnerWorker.runSuite(SuiteRunnerWorker.java:52)
	at org.testng.SuiteRunnerWorker.run(SuiteRunnerWorker.java:84)
	at org.testng.TestNG.runSuitesSequentially(TestNG.java:1208)
	at org.testng.TestNG.runSuitesLocally(TestNG.java:1137)
	at org.testng.TestNG.runSuites(TestNG.java:1049)
	at org.testng.TestNG.run(TestNG.java:1017)
	at org.testng.remote.AbstractRemoteTestNG.run(AbstractRemoteTestNG.java:114)
	at org.testng.remote.RemoteTestNG.initAndRun(RemoteTestNG.java:251)
	at org.testng.remote.RemoteTestNG.main(RemoteTestNG.java:77)
</pre></div></td>
<td>2</td>
<td>Scripts.OfcrKeyRecovery_Script@51b279c9</td></tr>
</table><p>
<table width='100%' border='1' class='invocation-passed'>
<tr><td colspan='4' align='center'><b>PASSED TESTS</b></td></tr>
<tr><td><b>Test method</b></td>
<td width="30%"><b>Exception</b></td>
<td width="10%"><b>Time (seconds)</b></td>
<td><b>Instance</b></td>
</tr>
<tr>
<td title='Scripts.LoginOfficer_Script.Login()'><b>Login</b><br>Test class: Scripts.LoginOfficer_Script<br>Parameters: {Order=1, Execute_Flag=Y, Uname=sindhuadmin1@gmail.com, Script_Name=ValidLoginAdmin, TC_ID=t001, Expected_Result=Valid credentials, Pwd=emudhra@2, Actual Result=null}</td>
<td></td>
<td>0</td>
<td>Scripts.LoginOfficer_Script@133e16fd</td></tr>
<tr>
<td title='Scripts.LoginOfficer_Script.Login()'><b>Login</b><br>Test class: Scripts.LoginOfficer_Script<br>Parameters: {Order=1, Execute_Flag=Y, Uname=sindhuofficer1@gmail.com, Script_Name=ValidLoginOfficer, TC_ID=t002, Expected_Result=Valid credentials, Pwd=emudhra@2, Actual Result=null}</td>
<td></td>
<td>4</td>
<td>Scripts.LoginOfficer_Script@133e16fd</td></tr>
<tr>
<td title='Scripts.LoginOfficer_Script.Login()'><b>Login</b><br>Test class: Scripts.LoginOfficer_Script<br>Parameters: {Order=1, Execute_Flag=Y, Uname=sindhuauditor1@gmail.com, Script_Name=ValidLoginAuditor, TC_ID=t003, Expected_Result=Valid credentials, Pwd=emudhra@2, Actual Result=null}</td>
<td></td>
<td>0</td>
<td>Scripts.LoginOfficer_Script@133e16fd</td></tr>
<tr>
<td title='Scripts.LoginOfficer_Script.Login()'><b>Login</b><br>Test class: Scripts.LoginOfficer_Script<br>Parameters: {Order=1, Execute_Flag=Y, Uname=sindhuoperator1@gmail.com, Script_Name=ValidLoginOperator, TC_ID=t004, Expected_Result=Valid credentials, Pwd=emudhra@2, Actual Result=null}</td>
<td></td>
<td>0</td>
<td>Scripts.LoginOfficer_Script@133e16fd</td></tr>
<tr>
<td title='Scripts.OfcrKeyRecovery_Script.keyMangmt()'><b>keyMangmt</b><br>Test class: Scripts.OfcrKeyRecovery_Script</td>
<td></td>
<td>2</td>
<td>Scripts.OfcrKeyRecovery_Script@51b279c9</td></tr>
<tr>
<td title='Scripts.OfcrKeyRecovery_Script.keyRecovery()'><b>keyRecovery</b><br>Test class: Scripts.OfcrKeyRecovery_Script<br>Parameters: {Order=1, Execute_Flag=Y, Uname=sindhuadmin@gmail.com, Authentic_email=NA, Script_Name=keyStoreNewPwCharacter, TC_ID=t5305, Authentic_tPswrd=NA, Expected_Result=NA, KeystoreNewPw=abc, Pwd=emudhra@1, Actual Result=null}</td>
<td></td>
<td>4</td>
<td>Scripts.OfcrKeyRecovery_Script@51b279c9</td></tr>
<tr>
<td title='Scripts.OfcrKeyRecovery_Script.keyRecovery()'><b>keyRecovery</b><br>Test class: Scripts.OfcrKeyRecovery_Script<br>Parameters: {Order=1, Execute_Flag=Y, Uname=sindhuadmin@gmail.com, Authentic_email=NA, Script_Name=keyStoreNewPwSplChar, TC_ID=t5306, Authentic_tPswrd=NA, Expected_Result=NA, KeystoreNewPw=!@#, Pwd=emudhra@1, Actual Result=null}</td>
<td></td>
<td>2</td>
<td>Scripts.OfcrKeyRecovery_Script@51b279c9</td></tr>
<tr>
<td title='Scripts.OfcrKeyRecovery_Script.keyRecovery()'><b>keyRecovery</b><br>Test class: Scripts.OfcrKeyRecovery_Script<br>Parameters: {Order=1, Execute_Flag=Y, Uname=sindhuadmin@gmail.com, Authentic_email=NA, Script_Name=keyStoreNewPwNum, TC_ID=t5307, Authentic_tPswrd=NA, Expected_Result=NA, KeystoreNewPw=123.0, Pwd=emudhra@1, Actual Result=null}</td>
<td></td>
<td>2</td>
<td>Scripts.OfcrKeyRecovery_Script@51b279c9</td></tr>
<tr>
<td title='Scripts.OfcrKeyRecovery_Script.keyRecovery()'><b>keyRecovery</b><br>Test class: Scripts.OfcrKeyRecovery_Script<br>Parameters: {Order=1, Execute_Flag=Y, Uname=sindhuadmin@gmail.com, Authentic_email=NA, Script_Name=keyStoreNewPwAlphaNum, TC_ID=t5308, Authentic_tPswrd=NA, Expected_Result=NA, KeystoreNewPw=abc123, Pwd=emudhra@1, Actual Result=null}</td>
<td></td>
<td>2</td>
<td>Scripts.OfcrKeyRecovery_Script@51b279c9</td></tr>
<tr>
<td title='Scripts.OfcrKeyRecovery_Script.keyRecovery()'><b>keyRecovery</b><br>Test class: Scripts.OfcrKeyRecovery_Script<br>Parameters: {Order=1, Execute_Flag=Y, Uname=sindhuadmin@gmail.com, Authentic_email=NA, Script_Name=keyStoreNewPw, TC_ID=t5309, Authentic_tPswrd=NA, Expected_Result=NA, KeystoreNewPw=abc@1, Pwd=emudhra@1, Actual Result=null}</td>
<td></td>
<td>2</td>
<td>Scripts.OfcrKeyRecovery_Script@51b279c9</td></tr>
<tr>
<td title='Scripts.OfcrKeyRecovery_Script.keyRecovery()'><b>keyRecovery</b><br>Test class: Scripts.OfcrKeyRecovery_Script<br>Parameters: {Order=1, Execute_Flag=Y, Uname=sindhuadmin@gmail.com, Authentic_email=NA, Script_Name=NewPwErr, TC_ID=t1, Authentic_tPswrd=NA, Expected_Result=Please provide new password, KeystoreNewPw=NA, Pwd=emudhra@1, Actual Result=Please Provide New Password}</td>
<td></td>
<td>4</td>
<td>Scripts.OfcrKeyRecovery_Script@51b279c9</td></tr>
<tr>
<td title='Scripts.OfcrKeyRecovery_Script.keyRecovery()'><b>keyRecovery</b><br>Test class: Scripts.OfcrKeyRecovery_Script<br>Parameters: {Order=1, Execute_Flag=Y, Uname=sindhuadmin@gmail.com, Authentic_email=NA, Script_Name=UploadFileErr, TC_ID=t2, Authentic_tPswrd=NA, Expected_Result=Please upload valid cer or crt file, KeystoreNewPw=NA, Pwd=emudhra@1, Actual Result=Please Upload Valid Cer Or Crt File}</td>
<td></td>
<td>3</td>
<td>Scripts.OfcrKeyRecovery_Script@51b279c9</td></tr>
<tr>
<td title='Scripts.OfcrKeyRecovery_Script.keyRecovery()'><b>keyRecovery</b><br>Test class: Scripts.OfcrKeyRecovery_Script<br>Parameters: {Order=1, Execute_Flag=Y, Uname=sindhuadmin@gmail.com, Authentic_email=NA, Script_Name=KeyStreOldPw, TC_ID=t4, Authentic_tPswrd=NA, Expected_Result=Please upload valid cer or crt file, KeystoreNewPw=NA, Pwd=emudhra@1, Actual Result=Please Upload Valid Cer Or Crt File}</td>
<td></td>
<td>0</td>
<td>Scripts.OfcrKeyRecovery_Script@51b279c9</td></tr>
<tr>
<td title='Scripts.OfcrKeyRecovery_Script.keyRecovery()'><b>keyRecovery</b><br>Test class: Scripts.OfcrKeyRecovery_Script<br>Parameters: {Order=1, Execute_Flag=Y, Uname=sindhuadmin@gmail.com, Authentic_email=NA, Script_Name=KeyStreOldPwInvalidFile, TC_ID=t5, Authentic_tPswrd=NA, Expected_Result=Please upload valid .cer or .crt  file, KeystoreNewPw=NA, Pwd=emudhra@1, Actual Result=null}</td>
<td></td>
<td>0</td>
<td>Scripts.OfcrKeyRecovery_Script@51b279c9</td></tr>
<tr>
<td title='Scripts.OfcrKeyRecovery_Script.keyRecovery()'><b>keyRecovery</b><br>Test class: Scripts.OfcrKeyRecovery_Script<br>Parameters: {Order=1, Execute_Flag=Y, Uname=sindhuadmin@gmail.com, Authentic_email=NA, Script_Name=KeyStreOldAuthenticWithtEmailNPw, TC_ID=t5332, Authentic_tPswrd=NA, Expected_Result=Please sign and authenticate, KeystoreNewPw=abc, Pwd=emudhra@1, Actual Result=Please Sign And Authenticate}</td>
<td></td>
<td>0</td>
<td>Scripts.OfcrKeyRecovery_Script@51b279c9</td></tr>
<tr>
<td title='Scripts.OfcrKeyRecovery_Script.keyRecovery()'><b>keyRecovery</b><br>Test class: Scripts.OfcrKeyRecovery_Script<br>Parameters: {Order=1, Execute_Flag=Y, Uname=sindhuadmin@gmail.com, Authentic_email=NA, Script_Name=KeyStreOldRecvryBtnWithoutAuthentic, TC_ID=t5365, Authentic_tPswrd=NA, Expected_Result=!!!!! Please Sign & Authenticate !!!!!, KeystoreNewPw=abc, Pwd=emudhra@1, Actual Result=!!!!! Please Sign & Authenticate !!!!!}</td>
<td></td>
<td>0</td>
<td>Scripts.OfcrKeyRecovery_Script@51b279c9</td></tr>
<tr>
<td title='Scripts.OfcrKeyRecovery_Script.keyRecovery()'><b>keyRecovery</b><br>Test class: Scripts.OfcrKeyRecovery_Script<br>Parameters: {Order=1, Execute_Flag=Y, Uname=sindhuadmin@gmail.com, Authentic_email=sindhuofficer1@gmail.com, Script_Name=KeyStreOldPwvalidFile, TC_ID=t7, Authentic_tPswrd=emudhra@2, Expected_Result=NA, KeystoreNewPw=NA, Pwd=emudhra@1, Actual Result=null}</td>
<td></td>
<td>0</td>
<td>Scripts.OfcrKeyRecovery_Script@51b279c9</td></tr>
</table><p>
</body>
</html>