<!DOCTYPE html PUBLIC "-//W3C//DTD XHTML 1.1//EN" "http://www.w3.org/TR/xhtml11/DTD/xhtml11.dtd">
<html xmlns="http://www.w3.org/1999/xhtml">
<head>
<meta http-equiv="content-type" content="text/html; charset=UTF-8"/>
<title>TestNG Report</title>
<style type="text/css">table {margin-bottom:10px;border-collapse:collapse;empty-cells:show}th,td {border:1px solid #009;padding:.25em .5em}th {vertical-align:bottom}td {vertical-align:top}table a {font-weight:bold}.stripe td {background-color: #E6EBF9}.num {text-align:right}.passedodd td {background-color: #3F3}.passedeven td {background-color: #0A0}.skippedodd td {background-color: #DDD}.skippedeven td {background-color: #CCC}.failedodd td,.attn {background-color: #F33}.failedeven td,.stripe .attn {background-color: #D00}.stacktrace {white-space:pre;font-family:monospace}.totop {font-size:85%;text-align:center;border-bottom:2px solid #000}.invisible {display:none}</style>
</head>
<body>
<table>
<tr><th>Test</th><th># Passed</th><th># Skipped</th><th># Failed</th><th>Time (ms)</th><th>Included Groups</th><th>Excluded Groups</th></tr>
<tr><th colspan="7">Suite</th></tr>
<tr><td><a href="#t0">CertProfileUser</a></td><td class="num">14</td><td class="num">0</td><td class="num attn">3</td><td class="num">38,713</td><td>SMK</td><td></td></tr>
</table>
<table id='summary'><thead><tr><th>Class</th><th>Method</th><th>Start</th><th>Time (ms)</th></tr></thead><tbody><tr><th colspan="4">Suite</th></tr></tbody><tbody id="t0"><tr><th colspan="4">CertProfileUser &#8212; failed</th></tr><tr class="failedeven"><td rowspan="2">Scripts.AdmnCertifctPrfleUser_Script</td><td><a href="#m0">certificateProfileCA</a></td><td rowspan="1">1557290930339</td><td rowspan="1">12060</td></tr><tr class="failedeven"><td><a href="#m1">prfleManagment</a></td><td rowspan="1">1557290920066</td><td rowspan="1">10054</td></tr><tr class="failedodd"><td rowspan="1">Scripts.Login_Script</td><td><a href="#m2">Login</a></td><td rowspan="1">1557290909923</td><td rowspan="1">10101</td></tr><tr><th colspan="4">CertProfileUser &#8212; passed</th></tr><tr class="passedeven"><td rowspan="11">Scripts.AdmnCertifctPrfleUser_Script</td><td><a href="#m3">certificateProfileCA</a></td><td rowspan="11">1557290930276</td><td rowspan="11">0</td></tr><tr class="passedeven"><td><a href="#m4">certificateProfileCA</a></td></tr><tr class="passedeven"><td><a href="#m5">certificateProfileCA</a></td></tr><tr class="passedeven"><td><a href="#m6">certificateProfileCA</a></td></tr><tr class="passedeven"><td><a href="#m7">certificateProfileCA</a></td></tr><tr class="passedeven"><td><a href="#m8">certificateProfileCA</a></td></tr><tr class="passedeven"><td><a href="#m9">certificateProfileCA</a></td></tr><tr class="passedeven"><td><a href="#m10">certificateProfileCA</a></td></tr><tr class="passedeven"><td><a href="#m11">certificateProfileCA</a></td></tr><tr class="passedeven"><td><a href="#m12">certificateProfileCA</a></td></tr><tr class="passedeven"><td><a href="#m13">certificateProfileCA</a></td></tr><tr class="passedodd"><td rowspan="3">Scripts.Login_Script</td><td><a href="#m14">Login</a></td><td rowspan="3">1557290920050</td><td rowspan="3">0</td></tr><tr class="passedodd"><td><a href="#m15">Login</a></td></tr><tr class="passedodd"><td><a href="#m16">Login</a></td></tr></tbody>
</table>
<h2>CertProfileUser</h2><h3 id="m0">Scripts.AdmnCertifctPrfleUser_Script#certificateProfileCA</h3><table class="result"><tr class="param"><th>Parameter #1</th></tr><tr class="param stripe"><td>{Order=1, Profile_Type=User, Execute_Flag=Y, Uname=sindhuadmin1@gmail.com, Authentic_tPswrd=emudhra@2, Validity_Days=250, Sign_Algo=SHA1WithRSA, Validity_sec=10, Validity_min=30, Profile_Name=sinuser1, Validity_hours=12, Subject_OID=2.4.5, Authentic_email=sindhuadmin6@gmail.com, Script_Name=certPrfleUser, TC_ID=t004, Expected_Result=NA, Pwd=emudhra@1, Issuing_CA=sinCACertificate2, Actual Result=null}</td></tr><tr><th>Exception</th></tr><tr><td><div class="stacktrace">org.openqa.selenium.NoSuchElementException: no such element: Unable to locate element: {&quot;method&quot;:&quot;xpath&quot;,&quot;selector&quot;:&quot;//div[@id=&apos;myNavbar&apos;]/ul/li[2]/div[1]/ul/li[1]/a&quot;}
  (Session info: chrome=74.0.3729.131)
  (Driver info: chromedriver=2.44.609538 (b655c5a60b0b544917107a59d4153d4bf78e1b90),platform=Windows NT 10.0.10240 x86_64) (WARNING: The server did not provide any stacktrace information)
Command duration or timeout: 0 milliseconds
For documentation on this error, please visit: http://seleniumhq.org/exceptions/no_such_element.html
Build info: version: &apos;3.14.0&apos;, revision: &apos;aacccce0&apos;, time: &apos;2018-08-02T20:13:22.693Z&apos;
System info: host: &apos;CPU351&apos;, ip: &apos;10.80.106.233&apos;, os.name: &apos;Windows 10&apos;, os.arch: &apos;amd64&apos;, os.version: &apos;10.0&apos;, java.version: &apos;1.8.0_191&apos;
Driver info: org.openqa.selenium.chrome.ChromeDriver
Capabilities {acceptInsecureCerts: false, acceptSslCerts: false, applicationCacheEnabled: false, browserConnectionEnabled: false, browserName: chrome, chrome: {chromedriverVersion: 2.44.609538 (b655c5a60b0b54..., userDataDir: C:\Users\20954\AppData\Loca...}, cssSelectorsEnabled: true, databaseEnabled: false, goog:chromeOptions: {debuggerAddress: localhost:59799}, handlesAlerts: true, hasTouchScreen: false, javascriptEnabled: true, locationContextEnabled: true, mobileEmulationEnabled: false, nativeEvents: true, networkConnectionEnabled: false, pageLoadStrategy: normal, platform: XP, platformName: XP, rotatable: false, setWindowRect: true, takesHeapSnapshot: true, takesScreenshot: true, unexpectedAlertBehaviour: ignore, unhandledPromptBehavior: ignore, version: 74.0.3729.131, webStorageEnabled: true}
Session ID: f5ab781a28472d9fc982e549cf842b2e
*** Element info: {Using=xpath, value=//div[@id=&apos;myNavbar&apos;]/ul/li[2]/div[1]/ul/li[1]/a}
	at org.openqa.selenium.remote.ErrorHandler.createThrowable(ErrorHandler.java:214)
	at org.openqa.selenium.remote.ErrorHandler.throwIfResponseFailed(ErrorHandler.java:166)
	at org.openqa.selenium.remote.http.JsonHttpResponseCodec.reconstructValue(JsonHttpResponseCodec.java:40)
	at org.openqa.selenium.remote.http.AbstractHttpResponseCodec.decode(AbstractHttpResponseCodec.java:80)
	at org.openqa.selenium.remote.http.AbstractHttpResponseCodec.decode(AbstractHttpResponseCodec.java:44)
	at org.openqa.selenium.remote.HttpCommandExecutor.execute(HttpCommandExecutor.java:158)
	at org.openqa.selenium.remote.service.DriverCommandExecutor.execute(DriverCommandExecutor.java:83)
	at org.openqa.selenium.remote.RemoteWebDriver.execute(RemoteWebDriver.java:548)
	at org.openqa.selenium.remote.RemoteWebDriver.findElement(RemoteWebDriver.java:322)
	at org.openqa.selenium.remote.RemoteWebDriver.findElementByXPath(RemoteWebDriver.java:424)
	at org.openqa.selenium.By$ByXPath.findElement(By.java:353)
	at org.openqa.selenium.remote.RemoteWebDriver.findElement(RemoteWebDriver.java:314)
	at org.openqa.selenium.support.pagefactory.DefaultElementLocator.findElement(DefaultElementLocator.java:69)
	at org.openqa.selenium.support.pagefactory.internal.LocatingElementHandler.invoke(LocatingElementHandler.java:38)
	at com.sun.proxy.$Proxy13.click(Unknown Source)
	at Page_Factory.pf_genericmethods.cl_click(pf_genericmethods.java:26)
	at Page_Factory.pf_admnPfleMngntCertPrflePage.createRootCert(pf_admnPfleMngntCertPrflePage.java:167)
	at Scripts.AdmnCertifctPrfleUser_Script.certificateProfileCA(AdmnCertifctPrfleUser_Script.java:41)
... Removed 29 stack frames</div></td></tr></table><p class="totop"><a href="#summary">back to summary</a></p>
<h3 id="m1">Scripts.AdmnCertifctPrfleUser_Script#prfleManagment</h3><table class="result"><tr><th>Exception</th></tr><tr><td><div class="stacktrace">org.openqa.selenium.NoSuchElementException: no such element: Unable to locate element: {&quot;method&quot;:&quot;xpath&quot;,&quot;selector&quot;:&quot;//ul[@id=&apos;accordion&apos;]/li[2]/a&quot;}
  (Session info: chrome=74.0.3729.131)
  (Driver info: chromedriver=2.44.609538 (b655c5a60b0b544917107a59d4153d4bf78e1b90),platform=Windows NT 10.0.10240 x86_64) (WARNING: The server did not provide any stacktrace information)
Command duration or timeout: 0 milliseconds
For documentation on this error, please visit: http://seleniumhq.org/exceptions/no_such_element.html
Build info: version: &apos;3.14.0&apos;, revision: &apos;aacccce0&apos;, time: &apos;2018-08-02T20:13:22.693Z&apos;
System info: host: &apos;CPU351&apos;, ip: &apos;10.80.106.233&apos;, os.name: &apos;Windows 10&apos;, os.arch: &apos;amd64&apos;, os.version: &apos;10.0&apos;, java.version: &apos;1.8.0_191&apos;
Driver info: org.openqa.selenium.chrome.ChromeDriver
Capabilities {acceptInsecureCerts: false, acceptSslCerts: false, applicationCacheEnabled: false, browserConnectionEnabled: false, browserName: chrome, chrome: {chromedriverVersion: 2.44.609538 (b655c5a60b0b54..., userDataDir: C:\Users\20954\AppData\Loca...}, cssSelectorsEnabled: true, databaseEnabled: false, goog:chromeOptions: {debuggerAddress: localhost:59799}, handlesAlerts: true, hasTouchScreen: false, javascriptEnabled: true, locationContextEnabled: true, mobileEmulationEnabled: false, nativeEvents: true, networkConnectionEnabled: false, pageLoadStrategy: normal, platform: XP, platformName: XP, rotatable: false, setWindowRect: true, takesHeapSnapshot: true, takesScreenshot: true, unexpectedAlertBehaviour: ignore, unhandledPromptBehavior: ignore, version: 74.0.3729.131, webStorageEnabled: true}
Session ID: f5ab781a28472d9fc982e549cf842b2e
*** Element info: {Using=xpath, value=//ul[@id=&apos;accordion&apos;]/li[2]/a}
	at org.openqa.selenium.remote.ErrorHandler.createThrowable(ErrorHandler.java:214)
	at org.openqa.selenium.remote.ErrorHandler.throwIfResponseFailed(ErrorHandler.java:166)
	at org.openqa.selenium.remote.http.JsonHttpResponseCodec.reconstructValue(JsonHttpResponseCodec.java:40)
	at org.openqa.selenium.remote.http.AbstractHttpResponseCodec.decode(AbstractHttpResponseCodec.java:80)
	at org.openqa.selenium.remote.http.AbstractHttpResponseCodec.decode(AbstractHttpResponseCodec.java:44)
	at org.openqa.selenium.remote.HttpCommandExecutor.execute(HttpCommandExecutor.java:158)
	at org.openqa.selenium.remote.service.DriverCommandExecutor.execute(DriverCommandExecutor.java:83)
	at org.openqa.selenium.remote.RemoteWebDriver.execute(RemoteWebDriver.java:548)
	at org.openqa.selenium.remote.RemoteWebDriver.findElement(RemoteWebDriver.java:322)
	at org.openqa.selenium.remote.RemoteWebDriver.findElementByXPath(RemoteWebDriver.java:424)
	at org.openqa.selenium.By$ByXPath.findElement(By.java:353)
	at org.openqa.selenium.remote.RemoteWebDriver.findElement(RemoteWebDriver.java:314)
	at org.openqa.selenium.support.pagefactory.DefaultElementLocator.findElement(DefaultElementLocator.java:69)
	at org.openqa.selenium.support.pagefactory.internal.LocatingElementHandler.invoke(LocatingElementHandler.java:38)
	at com.sun.proxy.$Proxy13.click(Unknown Source)
	at Page_Factory.pf_genericmethods.cl_click(pf_genericmethods.java:26)
	at Page_Factory.pf_admnPfleMngntCertPrflePage.profileMngmtClick(pf_admnPfleMngntCertPrflePage.java:113)
	at Scripts.AdmnCertifctPrfleUser_Script.prfleManagment(AdmnCertifctPrfleUser_Script.java:18)
... Removed 29 stack frames</div></td></tr></table><p class="totop"><a href="#summary">back to summary</a></p>
<h3 id="m2">Scripts.Login_Script#Login</h3><table class="result"><tr class="param"><th>Parameter #1</th></tr><tr class="param stripe"><td>{Order=1, Execute_Flag=Y, Uname=sindhuadmin6@gmail.com, Script_Name=ValidLoginAdmin, TC_ID=t001, Expected_Result=Valid credentials, Pwd=emudhra@2, Actual Result=null}</td></tr><tr><th>Exception</th></tr><tr><td><div class="stacktrace">org.openqa.selenium.NoSuchElementException: no such element: Unable to locate element: {&quot;method&quot;:&quot;id&quot;,&quot;selector&quot;:&quot;email&quot;}
  (Session info: chrome=74.0.3729.131)
  (Driver info: chromedriver=2.44.609538 (b655c5a60b0b544917107a59d4153d4bf78e1b90),platform=Windows NT 10.0.10240 x86_64) (WARNING: The server did not provide any stacktrace information)
Command duration or timeout: 0 milliseconds
For documentation on this error, please visit: http://seleniumhq.org/exceptions/no_such_element.html
Build info: version: &apos;3.14.0&apos;, revision: &apos;aacccce0&apos;, time: &apos;2018-08-02T20:13:22.693Z&apos;
System info: host: &apos;CPU351&apos;, ip: &apos;10.80.106.233&apos;, os.name: &apos;Windows 10&apos;, os.arch: &apos;amd64&apos;, os.version: &apos;10.0&apos;, java.version: &apos;1.8.0_191&apos;
Driver info: org.openqa.selenium.chrome.ChromeDriver
Capabilities {acceptInsecureCerts: false, acceptSslCerts: false, applicationCacheEnabled: false, browserConnectionEnabled: false, browserName: chrome, chrome: {chromedriverVersion: 2.44.609538 (b655c5a60b0b54..., userDataDir: C:\Users\20954\AppData\Loca...}, cssSelectorsEnabled: true, databaseEnabled: false, goog:chromeOptions: {debuggerAddress: localhost:59799}, handlesAlerts: true, hasTouchScreen: false, javascriptEnabled: true, locationContextEnabled: true, mobileEmulationEnabled: false, nativeEvents: true, networkConnectionEnabled: false, pageLoadStrategy: normal, platform: XP, platformName: XP, rotatable: false, setWindowRect: true, takesHeapSnapshot: true, takesScreenshot: true, unexpectedAlertBehaviour: ignore, unhandledPromptBehavior: ignore, version: 74.0.3729.131, webStorageEnabled: true}
Session ID: f5ab781a28472d9fc982e549cf842b2e
*** Element info: {Using=id, value=email}
	at org.openqa.selenium.remote.ErrorHandler.createThrowable(ErrorHandler.java:214)
	at org.openqa.selenium.remote.ErrorHandler.throwIfResponseFailed(ErrorHandler.java:166)
	at org.openqa.selenium.remote.http.JsonHttpResponseCodec.reconstructValue(JsonHttpResponseCodec.java:40)
	at org.openqa.selenium.remote.http.AbstractHttpResponseCodec.decode(AbstractHttpResponseCodec.java:80)
	at org.openqa.selenium.remote.http.AbstractHttpResponseCodec.decode(AbstractHttpResponseCodec.java:44)
	at org.openqa.selenium.remote.HttpCommandExecutor.execute(HttpCommandExecutor.java:158)
	at org.openqa.selenium.remote.service.DriverCommandExecutor.execute(DriverCommandExecutor.java:83)
	at org.openqa.selenium.remote.RemoteWebDriver.execute(RemoteWebDriver.java:548)
	at org.openqa.selenium.remote.RemoteWebDriver.findElement(RemoteWebDriver.java:322)
	at org.openqa.selenium.remote.RemoteWebDriver.findElementById(RemoteWebDriver.java:368)
	at org.openqa.selenium.By$ById.findElement(By.java:188)
	at org.openqa.selenium.remote.RemoteWebDriver.findElement(RemoteWebDriver.java:314)
	at org.openqa.selenium.support.pagefactory.DefaultElementLocator.findElement(DefaultElementLocator.java:69)
	at org.openqa.selenium.support.pagefactory.internal.LocatingElementHandler.invoke(LocatingElementHandler.java:38)
	at com.sun.proxy.$Proxy13.sendKeys(Unknown Source)
	at Page_Factory.pf_genericmethods.cl_entertext(pf_genericmethods.java:19)
	at Page_Factory.pf_LoginPage.logincredentials(pf_LoginPage.java:39)
	at Scripts.Login_Script.Login(Login_Script.java:32)
... Removed 29 stack frames</div></td></tr></table><p class="totop"><a href="#summary">back to summary</a></p>
<h3 id="m3">Scripts.AdmnCertifctPrfleUser_Script#certificateProfileCA</h3><table class="result"><tr class="param"><th>Parameter #1</th></tr><tr class="param stripe"><td>{Order=1, Profile_Type=CA, Execute_Flag=Y, Uname=sindhuadmin1@gmail.com, Authentic_tPswrd=emudhra@2, Validity_Days=300, Sign_Algo=SHA1WithRSA, Validity_sec=10, Validity_min=30, Profile_Name=sindhuCA, Validity_hours=12, Subject_OID=2.4.5, Authentic_email=sindhuadmin6@gmail.com, Script_Name=validityErrCheck, TC_ID=t002, Expected_Result=Please enter valid validity, Pwd=emudhra@1, Issuing_CA=Self-Signed, Actual Result=Please Enter Valid Validity}</td></tr></table><p class="totop"><a href="#summary">back to summary</a></p>
<h3 id="m4">Scripts.AdmnCertifctPrfleUser_Script#certificateProfileCA</h3><table class="result"><tr class="param"><th>Parameter #1</th></tr><tr class="param stripe"><td>{Order=1, Profile_Type=OCSP, Execute_Flag=Y, Uname=sindhuadmin1@gmail.com, Authentic_tPswrd=emudhra@2, Validity_Days=240, Sign_Algo=SHA1WithRSA, Validity_sec=10, Validity_min=30, Profile_Name=sinocsp1, Validity_hours=12, Subject_OID=2.4.5, Authentic_email=sindhuadmin6@gmail.com, Script_Name=certPrfleOCSP, TC_ID=t005, Expected_Result=NA, Pwd=emudhra@1, Issuing_CA=sinCACertificate2, Actual Result=null}</td></tr></table><p class="totop"><a href="#summary">back to summary</a></p>
<h3 id="m5">Scripts.AdmnCertifctPrfleUser_Script#certificateProfileCA</h3><table class="result"><tr class="param"><th>Parameter #1</th></tr><tr class="param stripe"><td>{Order=1, Profile_Type=Root, Execute_Flag=Y, Uname=sindhuadmin1@gmail.com, Authentic_tPswrd=emudhra@2, Validity_Days=100, Sign_Algo=SHA1WithRSA, Validity_sec=10, Validity_min=30, Profile_Name=sindhuRoot, Validity_hours=12, Subject_OID=2.4.5, Authentic_email=sindhuadmin6@gmail.com, Script_Name=certPrfleRoot, TC_ID=t001, Expected_Result=NA, Pwd=emudhra@1, Issuing_CA=Self-Signed, Actual Result=null}</td></tr></table><p class="totop"><a href="#summary">back to summary</a></p>
<h3 id="m6">Scripts.AdmnCertifctPrfleUser_Script#certificateProfileCA</h3><table class="result"><tr class="param"><th>Parameter #1</th></tr><tr class="param stripe"><td>{Order=1, Profile_Type=User, Execute_Flag=Y, Uname=sindhuadmin1@gmail.com, Authentic_tPswrd=emudhra@2, Validity_Days=250, Sign_Algo=SHA1WithRSA, Validity_sec=10, Validity_min=30, Profile_Name=sinuser1, Validity_hours=12, Subject_OID=2.4.5, Authentic_email=sindhuadmin6@gmail.com, Script_Name=keyUsageErrCheck, TC_ID=t004, Expected_Result=Please choose atleast one key usage, Pwd=emudhra@1, Issuing_CA=sinCACertificate2, Actual Result=Please Choose Atleast One Key Usage}</td></tr></table><p class="totop"><a href="#summary">back to summary</a></p>
<h3 id="m7">Scripts.AdmnCertifctPrfleUser_Script#certificateProfileCA</h3><table class="result"><tr class="param"><th>Parameter #1</th></tr><tr class="param stripe"><td>{Order=1, Profile_Type=CA, Execute_Flag=Y, Uname=sindhuadmin1@gmail.com, Authentic_tPswrd=emudhra@2, Validity_Days=298, Sign_Algo=SHA1WithRSA, Validity_sec=10, Validity_min=30, Profile_Name=sinCACert, Validity_hours=12, Subject_OID=2.4.5, Authentic_email=sindhuadmin6@gmail.com, Script_Name=signalgoErrCheck, TC_ID=t003, Expected_Result=Please choose signature algorithm, Pwd=emudhra@1, Issuing_CA=skRootCert, Actual Result=Please Choose Signature Algorithm}</td></tr></table><p class="totop"><a href="#summary">back to summary</a></p>
<h3 id="m8">Scripts.AdmnCertifctPrfleUser_Script#certificateProfileCA</h3><table class="result"><tr class="param"><th>Parameter #1</th></tr><tr class="param stripe"><td>{Order=1, Profile_Type=OCSP, Execute_Flag=Y, Uname=sindhuadmin1@gmail.com, Authentic_tPswrd=emudhra@2, Validity_Days=240, Sign_Algo=SHA1WithRSA, Validity_sec=10, Validity_min=30, Profile_Name=sinocsp1, Validity_hours=12, Subject_OID=2.4.5, Authentic_email=sindhuadmin6@gmail.com, Script_Name=EnhnceKeyUsageErrCheck, TC_ID=t005, Expected_Result=Please choose atleast one enhanced key usage, Pwd=emudhra@1, Issuing_CA=sinCACertificate2, Actual Result=Please Choose Atleast One Enhanced Key Usage}</td></tr></table><p class="totop"><a href="#summary">back to summary</a></p>
<h3 id="m9">Scripts.AdmnCertifctPrfleUser_Script#certificateProfileCA</h3><table class="result"><tr class="param"><th>Parameter #1</th></tr><tr class="param stripe"><td>{Order=1, Profile_Type=CA, Execute_Flag=Y, Uname=sindhuadmin1@gmail.com, Authentic_tPswrd=emudhra@2, Validity_Days=300, Sign_Algo=SHA1WithRSA, Validity_sec=10, Validity_min=30, Profile_Name=sindhuCA, Validity_hours=12, Subject_OID=2.4.5, Authentic_email=sindhuadmin6@gmail.com, Script_Name=certPrfleCA, TC_ID=t002, Expected_Result=NA, Pwd=emudhra@1, Issuing_CA=Self-Signed, Actual Result=null}</td></tr></table><p class="totop"><a href="#summary">back to summary</a></p>
<h3 id="m10">Scripts.AdmnCertifctPrfleUser_Script#certificateProfileCA</h3><table class="result"><tr class="param"><th>Parameter #1</th></tr><tr class="param stripe"><td>{Order=1, Profile_Type=NA, Execute_Flag=Y, Uname=sindhuadmin1@gmail.com, Authentic_tPswrd=emudhra@2, Validity_Days=NA, Sign_Algo=NA, Validity_sec=NA, Validity_min=NA, Profile_Name=sindhuCA, Validity_hours=NA, Subject_OID=NA, Authentic_email=sindhuadmin6@gmail.com, Script_Name=issuingCAErrCheck, TC_ID=t002, Expected_Result=Please choose issuing CA, Pwd=emudhra@1, Issuing_CA=NA, Actual Result=Please Choose Issuing CA}</td></tr></table><p class="totop"><a href="#summary">back to summary</a></p>
<h3 id="m11">Scripts.AdmnCertifctPrfleUser_Script#certificateProfileCA</h3><table class="result"><tr class="param"><th>Parameter #1</th></tr><tr class="param stripe"><td>{Order=1, Profile_Type=Root, Execute_Flag=Y, Uname=sindhuadmin1@gmail.com, Authentic_tPswrd=emudhra@2, Validity_Days=100, Sign_Algo=SHA1WithRSA, Validity_sec=10, Validity_min=30, Profile_Name=sindhuRoot, Validity_hours=12, Subject_OID=2.4.5, Authentic_email=sindhuadmin6@gmail.com, Script_Name=prfleNameErrCheck, TC_ID=t001, Expected_Result=Please enter profile name, Pwd=emudhra@1, Issuing_CA=Self-Signed, Actual Result=Please Enter Profile Name}</td></tr></table><p class="totop"><a href="#summary">back to summary</a></p>
<h3 id="m12">Scripts.AdmnCertifctPrfleUser_Script#certificateProfileCA</h3><table class="result"><tr class="param"><th>Parameter #1</th></tr><tr class="param stripe"><td>{Order=1, Profile_Type=CA, Execute_Flag=Y, Uname=sindhuadmin1@gmail.com, Authentic_tPswrd=emudhra@2, Validity_Days=298, Sign_Algo=SHA1WithRSA, Validity_sec=10, Validity_min=30, Profile_Name=sinCACert, Validity_hours=12, Subject_OID=2.4.5, Authentic_email=sindhuadmin6@gmail.com, Script_Name=certPrfleCARoot, TC_ID=t003, Expected_Result=NA, Pwd=emudhra@1, Issuing_CA=skRootCert, Actual Result=null}</td></tr></table><p class="totop"><a href="#summary">back to summary</a></p>
<h3 id="m13">Scripts.AdmnCertifctPrfleUser_Script#certificateProfileCA</h3><table class="result"><tr class="param"><th>Parameter #1</th></tr><tr class="param stripe"><td>{Order=1, Profile_Type=NA, Execute_Flag=Y, Uname=sindhuadmin1@gmail.com, Authentic_tPswrd=emudhra@2, Validity_Days=NA, Sign_Algo=NA, Validity_sec=NA, Validity_min=NA, Profile_Name=sindhuCA, Validity_hours=NA, Subject_OID=NA, Authentic_email=sindhuadmin6@gmail.com, Script_Name=searchcertPrfleCA, TC_ID=t002, Expected_Result=NA, Pwd=emudhra@1, Issuing_CA=NA, Actual Result=null}</td></tr></table><p class="totop"><a href="#summary">back to summary</a></p>
<h3 id="m14">Scripts.Login_Script#Login</h3><table class="result"><tr class="param"><th>Parameter #1</th></tr><tr class="param stripe"><td>{Order=1, Execute_Flag=Y, Uname=sindhuoperator1@gmail.com, Script_Name=ValidLoginOperator, TC_ID=t004, Expected_Result=Valid credentials, Pwd=emudhra@2, Actual Result=null}</td></tr></table><p class="totop"><a href="#summary">back to summary</a></p>
<h3 id="m15">Scripts.Login_Script#Login</h3><table class="result"><tr class="param"><th>Parameter #1</th></tr><tr class="param stripe"><td>{Order=1, Execute_Flag=Y, Uname=sindhuauditor1@gmail.com, Script_Name=ValidLoginAuditor, TC_ID=t003, Expected_Result=Valid credentials, Pwd=emudhra@2, Actual Result=null}</td></tr></table><p class="totop"><a href="#summary">back to summary</a></p>
<h3 id="m16">Scripts.Login_Script#Login</h3><table class="result"><tr class="param"><th>Parameter #1</th></tr><tr class="param stripe"><td>{Order=1, Execute_Flag=Y, Uname=sindhuofficer2@gmail.com, Script_Name=ValidLoginOfficer, TC_ID=t002, Expected_Result=Valid credentials, Pwd=emudhra@2, Actual Result=null}</td></tr></table><p class="totop"><a href="#summary">back to summary</a></p>
</body>
</html>
