<?xml version="1.0" encoding="UTF-8"?>
<testng-results skipped="0" failed="3" ignored="3" total="20" passed="14">
  <reporter-output>
  </reporter-output>
  <suite name="Suite" duration-ms="38713" started-at="2019-05-08T04:48:24Z" finished-at="2019-05-08T04:49:02Z">
    <groups>
      <group name="SMK">
        <method signature="AdmnCertifctPrfleUser_Script.certificateProfileCA(java.util.Map)[pri:2, instance:Scripts.AdmnCertifctPrfleUser_Script@51b279c9]" name="certificateProfileCA" class="Scripts.AdmnCertifctPrfleUser_Script"/>
        <method signature="AdmnCertifctPrfleUser_Script.prfleManagment()[pri:1, instance:Scripts.AdmnCertifctPrfleUser_Script@51b279c9]" name="prfleManagment" class="Scripts.AdmnCertifctPrfleUser_Script"/>
        <method signature="Login_Script.Login(java.util.Map)[pri:1, instance:Scripts.Login_Script@133e16fd]" name="Login" class="Scripts.Login_Script"/>
      </group> <!-- SMK -->
      <group name="REG">
        <method signature="AdmnCertifctPrfleUser_Script.certificateProfileCA(java.util.Map)[pri:2, instance:Scripts.AdmnCertifctPrfleUser_Script@51b279c9]" name="certificateProfileCA" class="Scripts.AdmnCertifctPrfleUser_Script"/>
        <method signature="AdmnCertifctPrfleUser_Script.prfleManagment()[pri:1, instance:Scripts.AdmnCertifctPrfleUser_Script@51b279c9]" name="prfleManagment" class="Scripts.AdmnCertifctPrfleUser_Script"/>
        <method signature="Login_Script.Login(java.util.Map)[pri:1, instance:Scripts.Login_Script@133e16fd]" name="Login" class="Scripts.Login_Script"/>
      </group> <!-- REG -->
    </groups>
    <test name="CertProfileUser" duration-ms="38713" started-at="2019-05-08T04:48:24Z" finished-at="2019-05-08T04:49:02Z">
      <class name="Scripts.AdmnCertifctPrfleUser_Script">
        <test-method status="FAIL" signature="prfleManagment()[pri:1, instance:Scripts.AdmnCertifctPrfleUser_Script@51b279c9]" name="prfleManagment" duration-ms="10054" started-at="2019-05-08T04:48:40Z" finished-at="2019-05-08T04:48:50Z">
          <exception class="org.openqa.selenium.NoSuchElementException">
            <message>
              <![CDATA[no such element: Unable to locate element: {"method":"xpath","selector":"//ul[@id='accordion']/li[2]/a"}
  (Session info: chrome=74.0.3729.131)
  (Driver info: chromedriver=2.44.609538 (b655c5a60b0b544917107a59d4153d4bf78e1b90),platform=Windows NT 10.0.10240 x86_64) (WARNING: The server did not provide any stacktrace information)
Command duration or timeout: 0 milliseconds
For documentation on this error, please visit: http://seleniumhq.org/exceptions/no_such_element.html
Build info: version: '3.14.0', revision: 'aacccce0', time: '2018-08-02T20:13:22.693Z'
System info: host: 'CPU351', ip: '10.80.106.233', os.name: 'Windows 10', os.arch: 'amd64', os.version: '10.0', java.version: '1.8.0_191'
Driver info: org.openqa.selenium.chrome.ChromeDriver
Capabilities {acceptInsecureCerts: false, acceptSslCerts: false, applicationCacheEnabled: false, browserConnectionEnabled: false, browserName: chrome, chrome: {chromedriverVersion: 2.44.609538 (b655c5a60b0b54..., userDataDir: C:\Users\20954\AppData\Loca...}, cssSelectorsEnabled: true, databaseEnabled: false, goog:chromeOptions: {debuggerAddress: localhost:59799}, handlesAlerts: true, hasTouchScreen: false, javascriptEnabled: true, locationContextEnabled: true, mobileEmulationEnabled: false, nativeEvents: true, networkConnectionEnabled: false, pageLoadStrategy: normal, platform: XP, platformName: XP, rotatable: false, setWindowRect: true, takesHeapSnapshot: true, takesScreenshot: true, unexpectedAlertBehaviour: ignore, unhandledPromptBehavior: ignore, version: 74.0.3729.131, webStorageEnabled: true}
Session ID: f5ab781a28472d9fc982e549cf842b2e
*** Element info: {Using=xpath, value=//ul[@id='accordion']/li[2]/a}]]>
            </message>
            <full-stacktrace>
              <![CDATA[org.openqa.selenium.NoSuchElementException: no such element: Unable to locate element: {"method":"xpath","selector":"//ul[@id='accordion']/li[2]/a"}
  (Session info: chrome=74.0.3729.131)
  (Driver info: chromedriver=2.44.609538 (b655c5a60b0b544917107a59d4153d4bf78e1b90),platform=Windows NT 10.0.10240 x86_64) (WARNING: The server did not provide any stacktrace information)
Command duration or timeout: 0 milliseconds
For documentation on this error, please visit: http://seleniumhq.org/exceptions/no_such_element.html
Build info: version: '3.14.0', revision: 'aacccce0', time: '2018-08-02T20:13:22.693Z'
System info: host: 'CPU351', ip: '10.80.106.233', os.name: 'Windows 10', os.arch: 'amd64', os.version: '10.0', java.version: '1.8.0_191'
Driver info: org.openqa.selenium.chrome.ChromeDriver
Capabilities {acceptInsecureCerts: false, acceptSslCerts: false, applicationCacheEnabled: false, browserConnectionEnabled: false, browserName: chrome, chrome: {chromedriverVersion: 2.44.609538 (b655c5a60b0b54..., userDataDir: C:\Users\20954\AppData\Loca...}, cssSelectorsEnabled: true, databaseEnabled: false, goog:chromeOptions: {debuggerAddress: localhost:59799}, handlesAlerts: true, hasTouchScreen: false, javascriptEnabled: true, locationContextEnabled: true, mobileEmulationEnabled: false, nativeEvents: true, networkConnectionEnabled: false, pageLoadStrategy: normal, platform: XP, platformName: XP, rotatable: false, setWindowRect: true, takesHeapSnapshot: true, takesScreenshot: true, unexpectedAlertBehaviour: ignore, unhandledPromptBehavior: ignore, version: 74.0.3729.131, webStorageEnabled: true}
Session ID: f5ab781a28472d9fc982e549cf842b2e
*** Element info: {Using=xpath, value=//ul[@id='accordion']/li[2]/a}
at sun.reflect.NativeConstructorAccessorImpl.newInstance0(Native Method)
at sun.reflect.NativeConstructorAccessorImpl.newInstance(Unknown Source)
at sun.reflect.DelegatingConstructorAccessorImpl.newInstance(Unknown Source)
at java.lang.reflect.Constructor.newInstance(Unknown Source)
at org.openqa.selenium.remote.ErrorHandler.createThrowable(ErrorHandler.java:214)
at org.openqa.selenium.remote.ErrorHandler.throwIfResponseFailed(ErrorHandler.java:166)
at org.openqa.selenium.remote.http.JsonHttpResponseCodec.reconstructValue(JsonHttpResponseCodec.java:40)
at org.openqa.selenium.remote.http.AbstractHttpResponseCodec.decode(AbstractHttpResponseCodec.java:80)
at org.openqa.selenium.remote.http.AbstractHttpResponseCodec.decode(AbstractHttpResponseCodec.java:44)
at org.openqa.selenium.remote.HttpCommandExecutor.execute(HttpCommandExecutor.java:158)
at org.openqa.selenium.remote.service.DriverCommandExecutor.execute(DriverCommandExecutor.java:83)
at org.openqa.selenium.remote.RemoteWebDriver.execute(RemoteWebDriver.java:548)
at org.openqa.selenium.remote.RemoteWebDriver.findElement(RemoteWebDriver.java:322)
at org.openqa.selenium.remote.RemoteWebDriver.findElementByXPath(RemoteWebDriver.java:424)
at org.openqa.selenium.By$ByXPath.findElement(By.java:353)
at org.openqa.selenium.remote.RemoteWebDriver.findElement(RemoteWebDriver.java:314)
at org.openqa.selenium.support.pagefactory.DefaultElementLocator.findElement(DefaultElementLocator.java:69)
at org.openqa.selenium.support.pagefactory.internal.LocatingElementHandler.invoke(LocatingElementHandler.java:38)
at com.sun.proxy.$Proxy13.click(Unknown Source)
at Page_Factory.pf_genericmethods.cl_click(pf_genericmethods.java:26)
at Page_Factory.pf_admnPfleMngntCertPrflePage.profileMngmtClick(pf_admnPfleMngntCertPrflePage.java:113)
at Scripts.AdmnCertifctPrfleUser_Script.prfleManagment(AdmnCertifctPrfleUser_Script.java:18)
at sun.reflect.NativeMethodAccessorImpl.invoke0(Native Method)
at sun.reflect.NativeMethodAccessorImpl.invoke(Unknown Source)
at sun.reflect.DelegatingMethodAccessorImpl.invoke(Unknown Source)
at java.lang.reflect.Method.invoke(Unknown Source)
at org.testng.internal.MethodInvocationHelper.invokeMethod(MethodInvocationHelper.java:124)
at org.testng.internal.Invoker.invokeMethod(Invoker.java:580)
at org.testng.internal.Invoker.invokeTestMethod(Invoker.java:716)
at org.testng.internal.Invoker.invokeTestMethods(Invoker.java:988)
at org.testng.internal.TestMethodWorker.invokeTestMethods(TestMethodWorker.java:125)
at org.testng.internal.TestMethodWorker.run(TestMethodWorker.java:109)
at org.testng.TestRunner.privateRun(TestRunner.java:648)
at org.testng.TestRunner.run(TestRunner.java:505)
at org.testng.SuiteRunner.runTest(SuiteRunner.java:455)
at org.testng.SuiteRunner.runSequentially(SuiteRunner.java:450)
at org.testng.SuiteRunner.privateRun(SuiteRunner.java:415)
at org.testng.SuiteRunner.run(SuiteRunner.java:364)
at org.testng.SuiteRunnerWorker.runSuite(SuiteRunnerWorker.java:52)
at org.testng.SuiteRunnerWorker.run(SuiteRunnerWorker.java:84)
at org.testng.TestNG.runSuitesSequentially(TestNG.java:1208)
at org.testng.TestNG.runSuitesLocally(TestNG.java:1137)
at org.testng.TestNG.runSuites(TestNG.java:1049)
at org.testng.TestNG.run(TestNG.java:1017)
at org.testng.remote.AbstractRemoteTestNG.run(AbstractRemoteTestNG.java:114)
at org.testng.remote.RemoteTestNG.initAndRun(RemoteTestNG.java:251)
at org.testng.remote.RemoteTestNG.main(RemoteTestNG.java:77)
]]>
            </full-stacktrace>
          </exception> <!-- org.openqa.selenium.NoSuchElementException -->
          <reporter-output>
          </reporter-output>
        </test-method> <!-- prfleManagment -->
        <test-method status="PASS" signature="report(org.testng.ITestResult)[pri:0, instance:Scripts.AdmnCertifctPrfleUser_Script@51b279c9]" name="report" is-config="true" duration-ms="0" started-at="2019-05-08T04:48:50Z" finished-at="2019-05-08T04:48:50Z">
          <params>
            <param index="0">
              <value>
                <![CDATA[[TestResult name=prfleManagment status=FAILURE method=AdmnCertifctPrfleUser_Script.prfleManagment()[pri:1, instance:Scripts.AdmnCertifctPrfleUser_Script@51b279c9] output={null}]]]>
              </value>
            </param>
          </params>
          <reporter-output>
          </reporter-output>
        </test-method> <!-- report -->
        <test-method status="PASS" signature="certificateProfileCA(java.util.Map)[pri:2, instance:Scripts.AdmnCertifctPrfleUser_Script@51b279c9]" name="certificateProfileCA" duration-ms="0" started-at="2019-05-08T04:48:50Z" data-provider="certificatePrfle_Page" finished-at="2019-05-08T04:48:50Z">
          <params>
            <param index="0">
              <value>
                <![CDATA[{Order=1, Profile_Type=Root, Execute_Flag=Y, Uname=sindhuadmin1@gmail.com, Authentic_tPswrd=emudhra@2, Validity_Days=100, Sign_Algo=SHA1WithRSA, Validity_sec=10, Validity_min=30, Profile_Name=sindhuRoot, Validity_hours=12, Subject_OID=2.4.5, Authentic_email=sindhuadmin6@gmail.com, Script_Name=prfleNameErrCheck, TC_ID=t001, Expected_Result=Please enter profile name, Pwd=emudhra@1, Issuing_CA=Self-Signed, Actual Result=Please Enter Profile Name}]]>
              </value>
            </param>
          </params>
          <reporter-output>
          </reporter-output>
        </test-method> <!-- certificateProfileCA -->
        <test-method status="PASS" signature="certificateProfileCA(java.util.Map)[pri:2, instance:Scripts.AdmnCertifctPrfleUser_Script@51b279c9]" name="certificateProfileCA" duration-ms="0" started-at="2019-05-08T04:48:50Z" data-provider="certificatePrfle_Page" finished-at="2019-05-08T04:48:50Z">
          <params>
            <param index="0">
              <value>
                <![CDATA[{Order=1, Profile_Type=CA, Execute_Flag=Y, Uname=sindhuadmin1@gmail.com, Authentic_tPswrd=emudhra@2, Validity_Days=300, Sign_Algo=SHA1WithRSA, Validity_sec=10, Validity_min=30, Profile_Name=sindhuCA, Validity_hours=12, Subject_OID=2.4.5, Authentic_email=sindhuadmin6@gmail.com, Script_Name=validityErrCheck, TC_ID=t002, Expected_Result=Please enter valid validity, Pwd=emudhra@1, Issuing_CA=Self-Signed, Actual Result=Please Enter Valid Validity}]]>
              </value>
            </param>
          </params>
          <reporter-output>
          </reporter-output>
        </test-method> <!-- certificateProfileCA -->
        <test-method status="PASS" signature="report(org.testng.ITestResult)[pri:0, instance:Scripts.AdmnCertifctPrfleUser_Script@51b279c9]" name="report" is-config="true" duration-ms="0" started-at="2019-05-08T04:48:50Z" finished-at="2019-05-08T04:48:50Z">
          <params>
            <param index="0">
              <value>
                <![CDATA[[TestResult name=certificateProfileCA status=SUCCESS method=AdmnCertifctPrfleUser_Script.certificateProfileCA(java.util.Map)[pri:2, instance:Scripts.AdmnCertifctPrfleUser_Script@51b279c9] output={null}]]]>
              </value>
            </param>
          </params>
          <reporter-output>
          </reporter-output>
        </test-method> <!-- report -->
        <test-method status="PASS" signature="report(org.testng.ITestResult)[pri:0, instance:Scripts.AdmnCertifctPrfleUser_Script@51b279c9]" name="report" is-config="true" duration-ms="0" started-at="2019-05-08T04:48:50Z" finished-at="2019-05-08T04:48:50Z">
          <params>
            <param index="0">
              <value>
                <![CDATA[[TestResult name=certificateProfileCA status=SUCCESS method=AdmnCertifctPrfleUser_Script.certificateProfileCA(java.util.Map)[pri:2, instance:Scripts.AdmnCertifctPrfleUser_Script@51b279c9] output={null}]]]>
              </value>
            </param>
          </params>
          <reporter-output>
          </reporter-output>
        </test-method> <!-- report -->
        <test-method status="PASS" signature="certificateProfileCA(java.util.Map)[pri:2, instance:Scripts.AdmnCertifctPrfleUser_Script@51b279c9]" name="certificateProfileCA" duration-ms="0" started-at="2019-05-08T04:48:50Z" data-provider="certificatePrfle_Page" finished-at="2019-05-08T04:48:50Z">
          <params>
            <param index="0">
              <value>
                <![CDATA[{Order=1, Profile_Type=NA, Execute_Flag=Y, Uname=sindhuadmin1@gmail.com, Authentic_tPswrd=emudhra@2, Validity_Days=NA, Sign_Algo=NA, Validity_sec=NA, Validity_min=NA, Profile_Name=sindhuCA, Validity_hours=NA, Subject_OID=NA, Authentic_email=sindhuadmin6@gmail.com, Script_Name=issuingCAErrCheck, TC_ID=t002, Expected_Result=Please choose issuing CA, Pwd=emudhra@1, Issuing_CA=NA, Actual Result=Please Choose Issuing CA}]]>
              </value>
            </param>
          </params>
          <reporter-output>
          </reporter-output>
        </test-method> <!-- certificateProfileCA -->
        <test-method status="PASS" signature="certificateProfileCA(java.util.Map)[pri:2, instance:Scripts.AdmnCertifctPrfleUser_Script@51b279c9]" name="certificateProfileCA" duration-ms="0" started-at="2019-05-08T04:48:50Z" data-provider="certificatePrfle_Page" finished-at="2019-05-08T04:48:50Z">
          <params>
            <param index="0">
              <value>
                <![CDATA[{Order=1, Profile_Type=CA, Execute_Flag=Y, Uname=sindhuadmin1@gmail.com, Authentic_tPswrd=emudhra@2, Validity_Days=298, Sign_Algo=SHA1WithRSA, Validity_sec=10, Validity_min=30, Profile_Name=sinCACert, Validity_hours=12, Subject_OID=2.4.5, Authentic_email=sindhuadmin6@gmail.com, Script_Name=signalgoErrCheck, TC_ID=t003, Expected_Result=Please choose signature algorithm, Pwd=emudhra@1, Issuing_CA=skRootCert, Actual Result=Please Choose Signature Algorithm}]]>
              </value>
            </param>
          </params>
          <reporter-output>
          </reporter-output>
        </test-method> <!-- certificateProfileCA -->
        <test-method status="PASS" signature="certificateProfileCA(java.util.Map)[pri:2, instance:Scripts.AdmnCertifctPrfleUser_Script@51b279c9]" name="certificateProfileCA" duration-ms="16" started-at="2019-05-08T04:48:50Z" data-provider="certificatePrfle_Page" finished-at="2019-05-08T04:48:50Z">
          <params>
            <param index="0">
              <value>
                <![CDATA[{Order=1, Profile_Type=OCSP, Execute_Flag=Y, Uname=sindhuadmin1@gmail.com, Authentic_tPswrd=emudhra@2, Validity_Days=240, Sign_Algo=SHA1WithRSA, Validity_sec=10, Validity_min=30, Profile_Name=sinocsp1, Validity_hours=12, Subject_OID=2.4.5, Authentic_email=sindhuadmin6@gmail.com, Script_Name=EnhnceKeyUsageErrCheck, TC_ID=t005, Expected_Result=Please choose atleast one enhanced key usage, Pwd=emudhra@1, Issuing_CA=sinCACertificate2, Actual Result=Please Choose Atleast One Enhanced Key Usage}]]>
              </value>
            </param>
          </params>
          <reporter-output>
          </reporter-output>
        </test-method> <!-- certificateProfileCA -->
        <test-method status="PASS" signature="report(org.testng.ITestResult)[pri:0, instance:Scripts.AdmnCertifctPrfleUser_Script@51b279c9]" name="report" is-config="true" duration-ms="0" started-at="2019-05-08T04:48:50Z" finished-at="2019-05-08T04:48:50Z">
          <params>
            <param index="0">
              <value>
                <![CDATA[[TestResult name=certificateProfileCA status=SUCCESS method=AdmnCertifctPrfleUser_Script.certificateProfileCA(java.util.Map)[pri:2, instance:Scripts.AdmnCertifctPrfleUser_Script@51b279c9] output={null}]]]>
              </value>
            </param>
          </params>
          <reporter-output>
          </reporter-output>
        </test-method> <!-- report -->
        <test-method status="PASS" signature="certificateProfileCA(java.util.Map)[pri:2, instance:Scripts.AdmnCertifctPrfleUser_Script@51b279c9]" name="certificateProfileCA" duration-ms="0" started-at="2019-05-08T04:48:50Z" data-provider="certificatePrfle_Page" finished-at="2019-05-08T04:48:50Z">
          <params>
            <param index="0">
              <value>
                <![CDATA[{Order=1, Profile_Type=User, Execute_Flag=Y, Uname=sindhuadmin1@gmail.com, Authentic_tPswrd=emudhra@2, Validity_Days=250, Sign_Algo=SHA1WithRSA, Validity_sec=10, Validity_min=30, Profile_Name=sinuser1, Validity_hours=12, Subject_OID=2.4.5, Authentic_email=sindhuadmin6@gmail.com, Script_Name=keyUsageErrCheck, TC_ID=t004, Expected_Result=Please choose atleast one key usage, Pwd=emudhra@1, Issuing_CA=sinCACertificate2, Actual Result=Please Choose Atleast One Key Usage}]]>
              </value>
            </param>
          </params>
          <reporter-output>
          </reporter-output>
        </test-method> <!-- certificateProfileCA -->
        <test-method status="PASS" signature="report(org.testng.ITestResult)[pri:0, instance:Scripts.AdmnCertifctPrfleUser_Script@51b279c9]" name="report" is-config="true" duration-ms="0" started-at="2019-05-08T04:48:50Z" finished-at="2019-05-08T04:48:50Z">
          <params>
            <param index="0">
              <value>
                <![CDATA[[TestResult name=certificateProfileCA status=SUCCESS method=AdmnCertifctPrfleUser_Script.certificateProfileCA(java.util.Map)[pri:2, instance:Scripts.AdmnCertifctPrfleUser_Script@51b279c9] output={null}]]]>
              </value>
            </param>
          </params>
          <reporter-output>
          </reporter-output>
        </test-method> <!-- report -->
        <test-method status="PASS" signature="report(org.testng.ITestResult)[pri:0, instance:Scripts.AdmnCertifctPrfleUser_Script@51b279c9]" name="report" is-config="true" duration-ms="0" started-at="2019-05-08T04:48:50Z" finished-at="2019-05-08T04:48:50Z">
          <params>
            <param index="0">
              <value>
                <![CDATA[[TestResult name=certificateProfileCA status=SUCCESS method=AdmnCertifctPrfleUser_Script.certificateProfileCA(java.util.Map)[pri:2, instance:Scripts.AdmnCertifctPrfleUser_Script@51b279c9] output={null}]]]>
              </value>
            </param>
          </params>
          <reporter-output>
          </reporter-output>
        </test-method> <!-- report -->
        <test-method status="PASS" signature="report(org.testng.ITestResult)[pri:0, instance:Scripts.AdmnCertifctPrfleUser_Script@51b279c9]" name="report" is-config="true" duration-ms="0" started-at="2019-05-08T04:48:50Z" finished-at="2019-05-08T04:48:50Z">
          <params>
            <param index="0">
              <value>
                <![CDATA[[TestResult name=certificateProfileCA status=SUCCESS method=AdmnCertifctPrfleUser_Script.certificateProfileCA(java.util.Map)[pri:2, instance:Scripts.AdmnCertifctPrfleUser_Script@51b279c9] output={null}]]]>
              </value>
            </param>
          </params>
          <reporter-output>
          </reporter-output>
        </test-method> <!-- report -->
        <test-method status="PASS" signature="certificateProfileCA(java.util.Map)[pri:2, instance:Scripts.AdmnCertifctPrfleUser_Script@51b279c9]" name="certificateProfileCA" duration-ms="0" started-at="2019-05-08T04:48:50Z" data-provider="certificatePrfle_Page" finished-at="2019-05-08T04:48:50Z">
          <params>
            <param index="0">
              <value>
                <![CDATA[{Order=1, Profile_Type=Root, Execute_Flag=Y, Uname=sindhuadmin1@gmail.com, Authentic_tPswrd=emudhra@2, Validity_Days=100, Sign_Algo=SHA1WithRSA, Validity_sec=10, Validity_min=30, Profile_Name=sindhuRoot, Validity_hours=12, Subject_OID=2.4.5, Authentic_email=sindhuadmin6@gmail.com, Script_Name=certPrfleRoot, TC_ID=t001, Expected_Result=NA, Pwd=emudhra@1, Issuing_CA=Self-Signed, Actual Result=null}]]>
              </value>
            </param>
          </params>
          <reporter-output>
          </reporter-output>
        </test-method> <!-- certificateProfileCA -->
        <test-method status="PASS" signature="report(org.testng.ITestResult)[pri:0, instance:Scripts.AdmnCertifctPrfleUser_Script@51b279c9]" name="report" is-config="true" duration-ms="0" started-at="2019-05-08T04:48:50Z" finished-at="2019-05-08T04:48:50Z">
          <params>
            <param index="0">
              <value>
                <![CDATA[[TestResult name=certificateProfileCA status=SUCCESS method=AdmnCertifctPrfleUser_Script.certificateProfileCA(java.util.Map)[pri:2, instance:Scripts.AdmnCertifctPrfleUser_Script@51b279c9] output={null}]]]>
              </value>
            </param>
          </params>
          <reporter-output>
          </reporter-output>
        </test-method> <!-- report -->
        <test-method status="PASS" signature="certificateProfileCA(java.util.Map)[pri:2, instance:Scripts.AdmnCertifctPrfleUser_Script@51b279c9]" name="certificateProfileCA" duration-ms="0" started-at="2019-05-08T04:48:50Z" data-provider="certificatePrfle_Page" finished-at="2019-05-08T04:48:50Z">
          <params>
            <param index="0">
              <value>
                <![CDATA[{Order=1, Profile_Type=CA, Execute_Flag=Y, Uname=sindhuadmin1@gmail.com, Authentic_tPswrd=emudhra@2, Validity_Days=300, Sign_Algo=SHA1WithRSA, Validity_sec=10, Validity_min=30, Profile_Name=sindhuCA, Validity_hours=12, Subject_OID=2.4.5, Authentic_email=sindhuadmin6@gmail.com, Script_Name=certPrfleCA, TC_ID=t002, Expected_Result=NA, Pwd=emudhra@1, Issuing_CA=Self-Signed, Actual Result=null}]]>
              </value>
            </param>
          </params>
          <reporter-output>
          </reporter-output>
        </test-method> <!-- certificateProfileCA -->
        <test-method status="PASS" signature="report(org.testng.ITestResult)[pri:0, instance:Scripts.AdmnCertifctPrfleUser_Script@51b279c9]" name="report" is-config="true" duration-ms="0" started-at="2019-05-08T04:48:50Z" finished-at="2019-05-08T04:48:50Z">
          <params>
            <param index="0">
              <value>
                <![CDATA[[TestResult name=certificateProfileCA status=SUCCESS method=AdmnCertifctPrfleUser_Script.certificateProfileCA(java.util.Map)[pri:2, instance:Scripts.AdmnCertifctPrfleUser_Script@51b279c9] output={null}]]]>
              </value>
            </param>
          </params>
          <reporter-output>
          </reporter-output>
        </test-method> <!-- report -->
        <test-method status="PASS" signature="certificateProfileCA(java.util.Map)[pri:2, instance:Scripts.AdmnCertifctPrfleUser_Script@51b279c9]" name="certificateProfileCA" duration-ms="0" started-at="2019-05-08T04:48:50Z" data-provider="certificatePrfle_Page" finished-at="2019-05-08T04:48:50Z">
          <params>
            <param index="0">
              <value>
                <![CDATA[{Order=1, Profile_Type=NA, Execute_Flag=Y, Uname=sindhuadmin1@gmail.com, Authentic_tPswrd=emudhra@2, Validity_Days=NA, Sign_Algo=NA, Validity_sec=NA, Validity_min=NA, Profile_Name=sindhuCA, Validity_hours=NA, Subject_OID=NA, Authentic_email=sindhuadmin6@gmail.com, Script_Name=searchcertPrfleCA, TC_ID=t002, Expected_Result=NA, Pwd=emudhra@1, Issuing_CA=NA, Actual Result=null}]]>
              </value>
            </param>
          </params>
          <reporter-output>
          </reporter-output>
        </test-method> <!-- certificateProfileCA -->
        <test-method status="PASS" signature="report(org.testng.ITestResult)[pri:0, instance:Scripts.AdmnCertifctPrfleUser_Script@51b279c9]" name="report" is-config="true" duration-ms="0" started-at="2019-05-08T04:48:50Z" finished-at="2019-05-08T04:48:50Z">
          <params>
            <param index="0">
              <value>
                <![CDATA[[TestResult name=certificateProfileCA status=SUCCESS method=AdmnCertifctPrfleUser_Script.certificateProfileCA(java.util.Map)[pri:2, instance:Scripts.AdmnCertifctPrfleUser_Script@51b279c9] output={null}]]]>
              </value>
            </param>
          </params>
          <reporter-output>
          </reporter-output>
        </test-method> <!-- report -->
        <test-method status="PASS" signature="report(org.testng.ITestResult)[pri:0, instance:Scripts.AdmnCertifctPrfleUser_Script@51b279c9]" name="report" is-config="true" duration-ms="0" started-at="2019-05-08T04:48:50Z" finished-at="2019-05-08T04:48:50Z">
          <params>
            <param index="0">
              <value>
                <![CDATA[[TestResult name=certificateProfileCA status=SUCCESS method=AdmnCertifctPrfleUser_Script.certificateProfileCA(java.util.Map)[pri:2, instance:Scripts.AdmnCertifctPrfleUser_Script@51b279c9] output={null}]]]>
              </value>
            </param>
          </params>
          <reporter-output>
          </reporter-output>
        </test-method> <!-- report -->
        <test-method status="FAIL" signature="certificateProfileCA(java.util.Map)[pri:2, instance:Scripts.AdmnCertifctPrfleUser_Script@51b279c9]" name="certificateProfileCA" duration-ms="12060" started-at="2019-05-08T04:48:50Z" data-provider="certificatePrfle_Page" finished-at="2019-05-08T04:49:02Z">
          <params>
            <param index="0">
              <value>
                <![CDATA[{Order=1, Profile_Type=User, Execute_Flag=Y, Uname=sindhuadmin1@gmail.com, Authentic_tPswrd=emudhra@2, Validity_Days=250, Sign_Algo=SHA1WithRSA, Validity_sec=10, Validity_min=30, Profile_Name=sinuser1, Validity_hours=12, Subject_OID=2.4.5, Authentic_email=sindhuadmin6@gmail.com, Script_Name=certPrfleUser, TC_ID=t004, Expected_Result=NA, Pwd=emudhra@1, Issuing_CA=sinCACertificate2, Actual Result=null}]]>
              </value>
            </param>
          </params>
          <exception class="org.openqa.selenium.NoSuchElementException">
            <message>
              <![CDATA[no such element: Unable to locate element: {"method":"xpath","selector":"//div[@id='myNavbar']/ul/li[2]/div[1]/ul/li[1]/a"}
  (Session info: chrome=74.0.3729.131)
  (Driver info: chromedriver=2.44.609538 (b655c5a60b0b544917107a59d4153d4bf78e1b90),platform=Windows NT 10.0.10240 x86_64) (WARNING: The server did not provide any stacktrace information)
Command duration or timeout: 0 milliseconds
For documentation on this error, please visit: http://seleniumhq.org/exceptions/no_such_element.html
Build info: version: '3.14.0', revision: 'aacccce0', time: '2018-08-02T20:13:22.693Z'
System info: host: 'CPU351', ip: '10.80.106.233', os.name: 'Windows 10', os.arch: 'amd64', os.version: '10.0', java.version: '1.8.0_191'
Driver info: org.openqa.selenium.chrome.ChromeDriver
Capabilities {acceptInsecureCerts: false, acceptSslCerts: false, applicationCacheEnabled: false, browserConnectionEnabled: false, browserName: chrome, chrome: {chromedriverVersion: 2.44.609538 (b655c5a60b0b54..., userDataDir: C:\Users\20954\AppData\Loca...}, cssSelectorsEnabled: true, databaseEnabled: false, goog:chromeOptions: {debuggerAddress: localhost:59799}, handlesAlerts: true, hasTouchScreen: false, javascriptEnabled: true, locationContextEnabled: true, mobileEmulationEnabled: false, nativeEvents: true, networkConnectionEnabled: false, pageLoadStrategy: normal, platform: XP, platformName: XP, rotatable: false, setWindowRect: true, takesHeapSnapshot: true, takesScreenshot: true, unexpectedAlertBehaviour: ignore, unhandledPromptBehavior: ignore, version: 74.0.3729.131, webStorageEnabled: true}
Session ID: f5ab781a28472d9fc982e549cf842b2e
*** Element info: {Using=xpath, value=//div[@id='myNavbar']/ul/li[2]/div[1]/ul/li[1]/a}]]>
            </message>
            <full-stacktrace>
              <![CDATA[org.openqa.selenium.NoSuchElementException: no such element: Unable to locate element: {"method":"xpath","selector":"//div[@id='myNavbar']/ul/li[2]/div[1]/ul/li[1]/a"}
  (Session info: chrome=74.0.3729.131)
  (Driver info: chromedriver=2.44.609538 (b655c5a60b0b544917107a59d4153d4bf78e1b90),platform=Windows NT 10.0.10240 x86_64) (WARNING: The server did not provide any stacktrace information)
Command duration or timeout: 0 milliseconds
For documentation on this error, please visit: http://seleniumhq.org/exceptions/no_such_element.html
Build info: version: '3.14.0', revision: 'aacccce0', time: '2018-08-02T20:13:22.693Z'
System info: host: 'CPU351', ip: '10.80.106.233', os.name: 'Windows 10', os.arch: 'amd64', os.version: '10.0', java.version: '1.8.0_191'
Driver info: org.openqa.selenium.chrome.ChromeDriver
Capabilities {acceptInsecureCerts: false, acceptSslCerts: false, applicationCacheEnabled: false, browserConnectionEnabled: false, browserName: chrome, chrome: {chromedriverVersion: 2.44.609538 (b655c5a60b0b54..., userDataDir: C:\Users\20954\AppData\Loca...}, cssSelectorsEnabled: true, databaseEnabled: false, goog:chromeOptions: {debuggerAddress: localhost:59799}, handlesAlerts: true, hasTouchScreen: false, javascriptEnabled: true, locationContextEnabled: true, mobileEmulationEnabled: false, nativeEvents: true, networkConnectionEnabled: false, pageLoadStrategy: normal, platform: XP, platformName: XP, rotatable: false, setWindowRect: true, takesHeapSnapshot: true, takesScreenshot: true, unexpectedAlertBehaviour: ignore, unhandledPromptBehavior: ignore, version: 74.0.3729.131, webStorageEnabled: true}
Session ID: f5ab781a28472d9fc982e549cf842b2e
*** Element info: {Using=xpath, value=//div[@id='myNavbar']/ul/li[2]/div[1]/ul/li[1]/a}
at sun.reflect.NativeConstructorAccessorImpl.newInstance0(Native Method)
at sun.reflect.NativeConstructorAccessorImpl.newInstance(Unknown Source)
at sun.reflect.DelegatingConstructorAccessorImpl.newInstance(Unknown Source)
at java.lang.reflect.Constructor.newInstance(Unknown Source)
at org.openqa.selenium.remote.ErrorHandler.createThrowable(ErrorHandler.java:214)
at org.openqa.selenium.remote.ErrorHandler.throwIfResponseFailed(ErrorHandler.java:166)
at org.openqa.selenium.remote.http.JsonHttpResponseCodec.reconstructValue(JsonHttpResponseCodec.java:40)
at org.openqa.selenium.remote.http.AbstractHttpResponseCodec.decode(AbstractHttpResponseCodec.java:80)
at org.openqa.selenium.remote.http.AbstractHttpResponseCodec.decode(AbstractHttpResponseCodec.java:44)
at org.openqa.selenium.remote.HttpCommandExecutor.execute(HttpCommandExecutor.java:158)
at org.openqa.selenium.remote.service.DriverCommandExecutor.execute(DriverCommandExecutor.java:83)
at org.openqa.selenium.remote.RemoteWebDriver.execute(RemoteWebDriver.java:548)
at org.openqa.selenium.remote.RemoteWebDriver.findElement(RemoteWebDriver.java:322)
at org.openqa.selenium.remote.RemoteWebDriver.findElementByXPath(RemoteWebDriver.java:424)
at org.openqa.selenium.By$ByXPath.findElement(By.java:353)
at org.openqa.selenium.remote.RemoteWebDriver.findElement(RemoteWebDriver.java:314)
at org.openqa.selenium.support.pagefactory.DefaultElementLocator.findElement(DefaultElementLocator.java:69)
at org.openqa.selenium.support.pagefactory.internal.LocatingElementHandler.invoke(LocatingElementHandler.java:38)
at com.sun.proxy.$Proxy13.click(Unknown Source)
at Page_Factory.pf_genericmethods.cl_click(pf_genericmethods.java:26)
at Page_Factory.pf_admnPfleMngntCertPrflePage.createRootCert(pf_admnPfleMngntCertPrflePage.java:167)
at Scripts.AdmnCertifctPrfleUser_Script.certificateProfileCA(AdmnCertifctPrfleUser_Script.java:41)
at sun.reflect.NativeMethodAccessorImpl.invoke0(Native Method)
at sun.reflect.NativeMethodAccessorImpl.invoke(Unknown Source)
at sun.reflect.DelegatingMethodAccessorImpl.invoke(Unknown Source)
at java.lang.reflect.Method.invoke(Unknown Source)
at org.testng.internal.MethodInvocationHelper.invokeMethod(MethodInvocationHelper.java:124)
at org.testng.internal.Invoker.invokeMethod(Invoker.java:580)
at org.testng.internal.Invoker.invokeTestMethod(Invoker.java:716)
at org.testng.internal.Invoker.invokeTestMethods(Invoker.java:988)
at org.testng.internal.TestMethodWorker.invokeTestMethods(TestMethodWorker.java:125)
at org.testng.internal.TestMethodWorker.run(TestMethodWorker.java:109)
at org.testng.TestRunner.privateRun(TestRunner.java:648)
at org.testng.TestRunner.run(TestRunner.java:505)
at org.testng.SuiteRunner.runTest(SuiteRunner.java:455)
at org.testng.SuiteRunner.runSequentially(SuiteRunner.java:450)
at org.testng.SuiteRunner.privateRun(SuiteRunner.java:415)
at org.testng.SuiteRunner.run(SuiteRunner.java:364)
at org.testng.SuiteRunnerWorker.runSuite(SuiteRunnerWorker.java:52)
at org.testng.SuiteRunnerWorker.run(SuiteRunnerWorker.java:84)
at org.testng.TestNG.runSuitesSequentially(TestNG.java:1208)
at org.testng.TestNG.runSuitesLocally(TestNG.java:1137)
at org.testng.TestNG.runSuites(TestNG.java:1049)
at org.testng.TestNG.run(TestNG.java:1017)
at org.testng.remote.AbstractRemoteTestNG.run(AbstractRemoteTestNG.java:114)
at org.testng.remote.RemoteTestNG.initAndRun(RemoteTestNG.java:251)
at org.testng.remote.RemoteTestNG.main(RemoteTestNG.java:77)
]]>
            </full-stacktrace>
          </exception> <!-- org.openqa.selenium.NoSuchElementException -->
          <reporter-output>
          </reporter-output>
        </test-method> <!-- certificateProfileCA -->
        <test-method status="PASS" signature="certificateProfileCA(java.util.Map)[pri:2, instance:Scripts.AdmnCertifctPrfleUser_Script@51b279c9]" name="certificateProfileCA" duration-ms="0" started-at="2019-05-08T04:48:50Z" data-provider="certificatePrfle_Page" finished-at="2019-05-08T04:48:50Z">
          <params>
            <param index="0">
              <value>
                <![CDATA[{Order=1, Profile_Type=CA, Execute_Flag=Y, Uname=sindhuadmin1@gmail.com, Authentic_tPswrd=emudhra@2, Validity_Days=298, Sign_Algo=SHA1WithRSA, Validity_sec=10, Validity_min=30, Profile_Name=sinCACert, Validity_hours=12, Subject_OID=2.4.5, Authentic_email=sindhuadmin6@gmail.com, Script_Name=certPrfleCARoot, TC_ID=t003, Expected_Result=NA, Pwd=emudhra@1, Issuing_CA=skRootCert, Actual Result=null}]]>
              </value>
            </param>
          </params>
          <reporter-output>
          </reporter-output>
        </test-method> <!-- certificateProfileCA -->
        <test-method status="PASS" signature="certificateProfileCA(java.util.Map)[pri:2, instance:Scripts.AdmnCertifctPrfleUser_Script@51b279c9]" name="certificateProfileCA" duration-ms="0" started-at="2019-05-08T04:49:02Z" data-provider="certificatePrfle_Page" finished-at="2019-05-08T04:49:02Z">
          <params>
            <param index="0">
              <value>
                <![CDATA[{Order=1, Profile_Type=OCSP, Execute_Flag=Y, Uname=sindhuadmin1@gmail.com, Authentic_tPswrd=emudhra@2, Validity_Days=240, Sign_Algo=SHA1WithRSA, Validity_sec=10, Validity_min=30, Profile_Name=sinocsp1, Validity_hours=12, Subject_OID=2.4.5, Authentic_email=sindhuadmin6@gmail.com, Script_Name=certPrfleOCSP, TC_ID=t005, Expected_Result=NA, Pwd=emudhra@1, Issuing_CA=sinCACertificate2, Actual Result=null}]]>
              </value>
            </param>
          </params>
          <reporter-output>
          </reporter-output>
        </test-method> <!-- certificateProfileCA -->
        <test-method status="PASS" signature="report(org.testng.ITestResult)[pri:0, instance:Scripts.AdmnCertifctPrfleUser_Script@51b279c9]" name="report" is-config="true" duration-ms="0" started-at="2019-05-08T04:49:02Z" finished-at="2019-05-08T04:49:02Z">
          <params>
            <param index="0">
              <value>
                <![CDATA[[TestResult name=certificateProfileCA status=FAILURE method=AdmnCertifctPrfleUser_Script.certificateProfileCA(java.util.Map)[pri:2, instance:Scripts.AdmnCertifctPrfleUser_Script@51b279c9] output={null}]]]>
              </value>
            </param>
          </params>
          <reporter-output>
          </reporter-output>
        </test-method> <!-- report -->
        <test-method status="PASS" signature="report(org.testng.ITestResult)[pri:0, instance:Scripts.AdmnCertifctPrfleUser_Script@51b279c9]" name="report" is-config="true" duration-ms="0" started-at="2019-05-08T04:49:02Z" finished-at="2019-05-08T04:49:02Z">
          <params>
            <param index="0">
              <value>
                <![CDATA[[TestResult name=certificateProfileCA status=SUCCESS method=AdmnCertifctPrfleUser_Script.certificateProfileCA(java.util.Map)[pri:2, instance:Scripts.AdmnCertifctPrfleUser_Script@51b279c9] output={null}]]]>
              </value>
            </param>
          </params>
          <reporter-output>
          </reporter-output>
        </test-method> <!-- report -->
      </class> <!-- Scripts.AdmnCertifctPrfleUser_Script -->
      <class name="Scripts.Login_Script">
        <test-method status="PASS" signature="createreport()[pri:0, instance:Scripts.Login_Script@133e16fd]" name="createreport" is-config="true" duration-ms="170" started-at="2019-05-08T04:48:23Z" finished-at="2019-05-08T04:48:24Z">
          <reporter-output>
          </reporter-output>
        </test-method> <!-- createreport -->
        <test-method status="PASS" signature="launch(java.lang.String)[pri:0, instance:Scripts.Login_Script@133e16fd]" name="launch" is-config="true" duration-ms="5128" started-at="2019-05-08T04:48:24Z" finished-at="2019-05-08T04:48:29Z">
          <params>
            <param index="0">
              <value>
                <![CDATA[ch]]>
              </value>
            </param>
          </params>
          <reporter-output>
          </reporter-output>
        </test-method> <!-- launch -->
        <test-method status="FAIL" signature="Login(java.util.Map)[pri:1, instance:Scripts.Login_Script@133e16fd]" name="Login" duration-ms="10101" started-at="2019-05-08T04:48:29Z" data-provider="valid_login" finished-at="2019-05-08T04:48:40Z">
          <params>
            <param index="0">
              <value>
                <![CDATA[{Order=1, Execute_Flag=Y, Uname=sindhuadmin6@gmail.com, Script_Name=ValidLoginAdmin, TC_ID=t001, Expected_Result=Valid credentials, Pwd=emudhra@2, Actual Result=null}]]>
              </value>
            </param>
          </params>
          <exception class="org.openqa.selenium.NoSuchElementException">
            <message>
              <![CDATA[no such element: Unable to locate element: {"method":"id","selector":"email"}
  (Session info: chrome=74.0.3729.131)
  (Driver info: chromedriver=2.44.609538 (b655c5a60b0b544917107a59d4153d4bf78e1b90),platform=Windows NT 10.0.10240 x86_64) (WARNING: The server did not provide any stacktrace information)
Command duration or timeout: 0 milliseconds
For documentation on this error, please visit: http://seleniumhq.org/exceptions/no_such_element.html
Build info: version: '3.14.0', revision: 'aacccce0', time: '2018-08-02T20:13:22.693Z'
System info: host: 'CPU351', ip: '10.80.106.233', os.name: 'Windows 10', os.arch: 'amd64', os.version: '10.0', java.version: '1.8.0_191'
Driver info: org.openqa.selenium.chrome.ChromeDriver
Capabilities {acceptInsecureCerts: false, acceptSslCerts: false, applicationCacheEnabled: false, browserConnectionEnabled: false, browserName: chrome, chrome: {chromedriverVersion: 2.44.609538 (b655c5a60b0b54..., userDataDir: C:\Users\20954\AppData\Loca...}, cssSelectorsEnabled: true, databaseEnabled: false, goog:chromeOptions: {debuggerAddress: localhost:59799}, handlesAlerts: true, hasTouchScreen: false, javascriptEnabled: true, locationContextEnabled: true, mobileEmulationEnabled: false, nativeEvents: true, networkConnectionEnabled: false, pageLoadStrategy: normal, platform: XP, platformName: XP, rotatable: false, setWindowRect: true, takesHeapSnapshot: true, takesScreenshot: true, unexpectedAlertBehaviour: ignore, unhandledPromptBehavior: ignore, version: 74.0.3729.131, webStorageEnabled: true}
Session ID: f5ab781a28472d9fc982e549cf842b2e
*** Element info: {Using=id, value=email}]]>
            </message>
            <full-stacktrace>
              <![CDATA[org.openqa.selenium.NoSuchElementException: no such element: Unable to locate element: {"method":"id","selector":"email"}
  (Session info: chrome=74.0.3729.131)
  (Driver info: chromedriver=2.44.609538 (b655c5a60b0b544917107a59d4153d4bf78e1b90),platform=Windows NT 10.0.10240 x86_64) (WARNING: The server did not provide any stacktrace information)
Command duration or timeout: 0 milliseconds
For documentation on this error, please visit: http://seleniumhq.org/exceptions/no_such_element.html
Build info: version: '3.14.0', revision: 'aacccce0', time: '2018-08-02T20:13:22.693Z'
System info: host: 'CPU351', ip: '10.80.106.233', os.name: 'Windows 10', os.arch: 'amd64', os.version: '10.0', java.version: '1.8.0_191'
Driver info: org.openqa.selenium.chrome.ChromeDriver
Capabilities {acceptInsecureCerts: false, acceptSslCerts: false, applicationCacheEnabled: false, browserConnectionEnabled: false, browserName: chrome, chrome: {chromedriverVersion: 2.44.609538 (b655c5a60b0b54..., userDataDir: C:\Users\20954\AppData\Loca...}, cssSelectorsEnabled: true, databaseEnabled: false, goog:chromeOptions: {debuggerAddress: localhost:59799}, handlesAlerts: true, hasTouchScreen: false, javascriptEnabled: true, locationContextEnabled: true, mobileEmulationEnabled: false, nativeEvents: true, networkConnectionEnabled: false, pageLoadStrategy: normal, platform: XP, platformName: XP, rotatable: false, setWindowRect: true, takesHeapSnapshot: true, takesScreenshot: true, unexpectedAlertBehaviour: ignore, unhandledPromptBehavior: ignore, version: 74.0.3729.131, webStorageEnabled: true}
Session ID: f5ab781a28472d9fc982e549cf842b2e
*** Element info: {Using=id, value=email}
at sun.reflect.NativeConstructorAccessorImpl.newInstance0(Native Method)
at sun.reflect.NativeConstructorAccessorImpl.newInstance(Unknown Source)
at sun.reflect.DelegatingConstructorAccessorImpl.newInstance(Unknown Source)
at java.lang.reflect.Constructor.newInstance(Unknown Source)
at org.openqa.selenium.remote.ErrorHandler.createThrowable(ErrorHandler.java:214)
at org.openqa.selenium.remote.ErrorHandler.throwIfResponseFailed(ErrorHandler.java:166)
at org.openqa.selenium.remote.http.JsonHttpResponseCodec.reconstructValue(JsonHttpResponseCodec.java:40)
at org.openqa.selenium.remote.http.AbstractHttpResponseCodec.decode(AbstractHttpResponseCodec.java:80)
at org.openqa.selenium.remote.http.AbstractHttpResponseCodec.decode(AbstractHttpResponseCodec.java:44)
at org.openqa.selenium.remote.HttpCommandExecutor.execute(HttpCommandExecutor.java:158)
at org.openqa.selenium.remote.service.DriverCommandExecutor.execute(DriverCommandExecutor.java:83)
at org.openqa.selenium.remote.RemoteWebDriver.execute(RemoteWebDriver.java:548)
at org.openqa.selenium.remote.RemoteWebDriver.findElement(RemoteWebDriver.java:322)
at org.openqa.selenium.remote.RemoteWebDriver.findElementById(RemoteWebDriver.java:368)
at org.openqa.selenium.By$ById.findElement(By.java:188)
at org.openqa.selenium.remote.RemoteWebDriver.findElement(RemoteWebDriver.java:314)
at org.openqa.selenium.support.pagefactory.DefaultElementLocator.findElement(DefaultElementLocator.java:69)
at org.openqa.selenium.support.pagefactory.internal.LocatingElementHandler.invoke(LocatingElementHandler.java:38)
at com.sun.proxy.$Proxy13.sendKeys(Unknown Source)
at Page_Factory.pf_genericmethods.cl_entertext(pf_genericmethods.java:19)
at Page_Factory.pf_LoginPage.logincredentials(pf_LoginPage.java:39)
at Scripts.Login_Script.Login(Login_Script.java:32)
at sun.reflect.NativeMethodAccessorImpl.invoke0(Native Method)
at sun.reflect.NativeMethodAccessorImpl.invoke(Unknown Source)
at sun.reflect.DelegatingMethodAccessorImpl.invoke(Unknown Source)
at java.lang.reflect.Method.invoke(Unknown Source)
at org.testng.internal.MethodInvocationHelper.invokeMethod(MethodInvocationHelper.java:124)
at org.testng.internal.Invoker.invokeMethod(Invoker.java:580)
at org.testng.internal.Invoker.invokeTestMethod(Invoker.java:716)
at org.testng.internal.Invoker.invokeTestMethods(Invoker.java:988)
at org.testng.internal.TestMethodWorker.invokeTestMethods(TestMethodWorker.java:125)
at org.testng.internal.TestMethodWorker.run(TestMethodWorker.java:109)
at org.testng.TestRunner.privateRun(TestRunner.java:648)
at org.testng.TestRunner.run(TestRunner.java:505)
at org.testng.SuiteRunner.runTest(SuiteRunner.java:455)
at org.testng.SuiteRunner.runSequentially(SuiteRunner.java:450)
at org.testng.SuiteRunner.privateRun(SuiteRunner.java:415)
at org.testng.SuiteRunner.run(SuiteRunner.java:364)
at org.testng.SuiteRunnerWorker.runSuite(SuiteRunnerWorker.java:52)
at org.testng.SuiteRunnerWorker.run(SuiteRunnerWorker.java:84)
at org.testng.TestNG.runSuitesSequentially(TestNG.java:1208)
at org.testng.TestNG.runSuitesLocally(TestNG.java:1137)
at org.testng.TestNG.runSuites(TestNG.java:1049)
at org.testng.TestNG.run(TestNG.java:1017)
at org.testng.remote.AbstractRemoteTestNG.run(AbstractRemoteTestNG.java:114)
at org.testng.remote.RemoteTestNG.initAndRun(RemoteTestNG.java:251)
at org.testng.remote.RemoteTestNG.main(RemoteTestNG.java:77)
]]>
            </full-stacktrace>
          </exception> <!-- org.openqa.selenium.NoSuchElementException -->
          <reporter-output>
          </reporter-output>
        </test-method> <!-- Login -->
        <test-method status="PASS" signature="report(org.testng.ITestResult)[pri:0, instance:Scripts.Login_Script@133e16fd]" name="report" is-config="true" duration-ms="0" started-at="2019-05-08T04:48:40Z" finished-at="2019-05-08T04:48:40Z">
          <params>
            <param index="0">
              <value>
                <![CDATA[[TestResult name=Login status=FAILURE method=Login_Script.Login(java.util.Map)[pri:1, instance:Scripts.Login_Script@133e16fd] output={null}]]]>
              </value>
            </param>
          </params>
          <reporter-output>
          </reporter-output>
        </test-method> <!-- report -->
        <test-method status="PASS" signature="Login(java.util.Map)[pri:1, instance:Scripts.Login_Script@133e16fd]" name="Login" duration-ms="11" started-at="2019-05-08T04:48:40Z" data-provider="valid_login" finished-at="2019-05-08T04:48:40Z">
          <params>
            <param index="0">
              <value>
                <![CDATA[{Order=1, Execute_Flag=Y, Uname=sindhuofficer2@gmail.com, Script_Name=ValidLoginOfficer, TC_ID=t002, Expected_Result=Valid credentials, Pwd=emudhra@2, Actual Result=null}]]>
              </value>
            </param>
          </params>
          <reporter-output>
          </reporter-output>
        </test-method> <!-- Login -->
        <test-method status="PASS" signature="report(org.testng.ITestResult)[pri:0, instance:Scripts.Login_Script@133e16fd]" name="report" is-config="true" duration-ms="0" started-at="2019-05-08T04:48:40Z" finished-at="2019-05-08T04:48:40Z">
          <params>
            <param index="0">
              <value>
                <![CDATA[[TestResult name=Login status=SUCCESS method=Login_Script.Login(java.util.Map)[pri:1, instance:Scripts.Login_Script@133e16fd] output={null}]]]>
              </value>
            </param>
          </params>
          <reporter-output>
          </reporter-output>
        </test-method> <!-- report -->
        <test-method status="PASS" signature="report(org.testng.ITestResult)[pri:0, instance:Scripts.Login_Script@133e16fd]" name="report" is-config="true" duration-ms="0" started-at="2019-05-08T04:48:40Z" finished-at="2019-05-08T04:48:40Z">
          <params>
            <param index="0">
              <value>
                <![CDATA[[TestResult name=Login status=SUCCESS method=Login_Script.Login(java.util.Map)[pri:1, instance:Scripts.Login_Script@133e16fd] output={null}]]]>
              </value>
            </param>
          </params>
          <reporter-output>
          </reporter-output>
        </test-method> <!-- report -->
        <test-method status="PASS" signature="Login(java.util.Map)[pri:1, instance:Scripts.Login_Script@133e16fd]" name="Login" duration-ms="0" started-at="2019-05-08T04:48:40Z" data-provider="valid_login" finished-at="2019-05-08T04:48:40Z">
          <params>
            <param index="0">
              <value>
                <![CDATA[{Order=1, Execute_Flag=Y, Uname=sindhuoperator1@gmail.com, Script_Name=ValidLoginOperator, TC_ID=t004, Expected_Result=Valid credentials, Pwd=emudhra@2, Actual Result=null}]]>
              </value>
            </param>
          </params>
          <reporter-output>
          </reporter-output>
        </test-method> <!-- Login -->
        <test-method status="PASS" signature="report(org.testng.ITestResult)[pri:0, instance:Scripts.Login_Script@133e16fd]" name="report" is-config="true" duration-ms="0" started-at="2019-05-08T04:48:40Z" finished-at="2019-05-08T04:48:40Z">
          <params>
            <param index="0">
              <value>
                <![CDATA[[TestResult name=Login status=SUCCESS method=Login_Script.Login(java.util.Map)[pri:1, instance:Scripts.Login_Script@133e16fd] output={null}]]]>
              </value>
            </param>
          </params>
          <reporter-output>
          </reporter-output>
        </test-method> <!-- report -->
        <test-method status="PASS" signature="Login(java.util.Map)[pri:1, instance:Scripts.Login_Script@133e16fd]" name="Login" duration-ms="0" started-at="2019-05-08T04:48:40Z" data-provider="valid_login" finished-at="2019-05-08T04:48:40Z">
          <params>
            <param index="0">
              <value>
                <![CDATA[{Order=1, Execute_Flag=Y, Uname=sindhuauditor1@gmail.com, Script_Name=ValidLoginAuditor, TC_ID=t003, Expected_Result=Valid credentials, Pwd=emudhra@2, Actual Result=null}]]>
              </value>
            </param>
          </params>
          <reporter-output>
          </reporter-output>
        </test-method> <!-- Login -->
        <test-method status="PASS" signature="closeapp()[pri:0, instance:Scripts.Login_Script@133e16fd]" name="closeapp" is-config="true" duration-ms="388" started-at="2019-05-08T04:49:02Z" finished-at="2019-05-08T04:49:02Z">
          <reporter-output>
          </reporter-output>
        </test-method> <!-- closeapp -->
      </class> <!-- Scripts.Login_Script -->
    </test> <!-- CertProfileUser -->
  </suite> <!-- Suite -->
</testng-results>
